--------------------------------------------------------------------------------
Release 14.7 Trace  (nt64)
Copyright (c) 1995-2013 Xilinx, Inc.  All rights reserved.

G:\Xilinx\14.7\ISE_DS\ISE\bin\nt64\unwrapped\trce.exe -intstyle ise -v 3 -s 1
-n 3 -fastpaths -xml Final_top.twx Final_top.ncd -o Final_top.twr Final_top.pcf
-ucf Nexys4_Master.ucf

Design file:              Final_top.ncd
Physical constraint file: Final_top.pcf
Device,package,speed:     xc7a100t,csg324,C,-1 (PRODUCTION 1.10 2013-10-13)
Report level:             verbose report

Environment Variable      Effect 
--------------------      ------ 
NONE                      No environment variables were set
--------------------------------------------------------------------------------

INFO:Timing:3386 - Intersecting Constraints found and resolved.  For more 
   information, see the TSI report.  Please consult the Xilinx Command Line 
   Tools User Guide for information on generating a TSI report.
INFO:Timing:3412 - To improve timing, see the Timing Closure User Guide (UG612).
INFO:Timing:2752 - To get complete path coverage, use the unconstrained paths 
   option. All paths that are not constrained will be reported in the 
   unconstrained paths section(s) of the report.
INFO:Timing:3339 - The clock-to-out numbers in this timing report are based on 
   a 50 Ohm transmission line loading model.  For the details of this model, 
   and for more information on accounting for different loading conditions, 
   please see the device datasheet.

================================================================================
Timing constraint: TS_sys_clk_pin = PERIOD TIMEGRP "sys_clk_pin" 100 MHz HIGH 
50%;
For more information, see Period Analysis in the Timing Closure User Guide (UG612).

 0 paths analyzed, 0 endpoints analyzed, 0 failing endpoints
 0 timing errors detected. (0 component switching limit errors)
 Minimum period is   4.000ns.
--------------------------------------------------------------------------------

Component Switching Limit Checks: TS_sys_clk_pin = PERIOD TIMEGRP "sys_clk_pin" 100 MHz HIGH 50%;
--------------------------------------------------------------------------------
Slack: 6.000ns (period - (min low pulse limit / (low pulse / period)))
  Period: 10.000ns
  Low pulse: 5.000ns
  Low pulse limit: 2.000ns (Tmmcmpw_CLKIN1_100_150)
  Physical resource: your_instance_name/mmcm_adv_inst/CLKIN1
  Logical resource: your_instance_name/mmcm_adv_inst/CLKIN1
  Location pin: MMCME2_ADV_X1Y2.CLKIN1
  Clock network: your_instance_name/clkin1
--------------------------------------------------------------------------------
Slack: 6.000ns (period - (min high pulse limit / (high pulse / period)))
  Period: 10.000ns
  High pulse: 5.000ns
  High pulse limit: 2.000ns (Tmmcmpw_CLKIN1_100_150)
  Physical resource: your_instance_name/mmcm_adv_inst/CLKIN1
  Logical resource: your_instance_name/mmcm_adv_inst/CLKIN1
  Location pin: MMCME2_ADV_X1Y2.CLKIN1
  Clock network: your_instance_name/clkin1
--------------------------------------------------------------------------------
Slack: 7.918ns (period - min period limit)
  Period: 9.167ns
  Min period limit: 1.249ns (800.641MHz) (Tmmcmper_CLKOUT(Foutmax))
  Physical resource: your_instance_name/mmcm_adv_inst/CLKOUT4
  Logical resource: your_instance_name/mmcm_adv_inst/CLKOUT4
  Location pin: MMCME2_ADV_X1Y2.CLKOUT4
  Clock network: your_instance_name/clkout4
--------------------------------------------------------------------------------

================================================================================
Timing constraint: TS_your_instance_name_clkout1 = PERIOD TIMEGRP 
"your_instance_name_clkout1"         TS_sys_clk_pin * 0.25 HIGH 50%;
For more information, see Period Analysis in the Timing Closure User Guide (UG612).

 0 paths analyzed, 0 endpoints analyzed, 0 failing endpoints
 0 timing errors detected. (0 component switching limit errors)
 Minimum period is   2.155ns.
--------------------------------------------------------------------------------

Component Switching Limit Checks: TS_your_instance_name_clkout1 = PERIOD TIMEGRP "your_instance_name_clkout1"
        TS_sys_clk_pin * 0.25 HIGH 50%;
--------------------------------------------------------------------------------
Slack: 37.845ns (period - min period limit)
  Period: 40.000ns
  Min period limit: 2.155ns (464.037MHz) (Tbcper_I(Fmax))
  Physical resource: your_instance_name/clkout2_buf/I0
  Logical resource: your_instance_name/clkout2_buf/I0
  Location pin: BUFGCTRL_X0Y29.I0
  Clock network: your_instance_name/clkout1
--------------------------------------------------------------------------------
Slack: 39.000ns (period - (min low pulse limit / (low pulse / period)))
  Period: 40.000ns
  Low pulse: 20.000ns
  Low pulse limit: 0.500ns (Tcl)
  Physical resource: Inst_VGA/Test_counter/count<3>/CLK
  Logical resource: Inst_VGA/Test_counter/count_0/CK
  Location pin: SLICE_X81Y127.CLK
  Clock network: board_clk
--------------------------------------------------------------------------------
Slack: 39.000ns (period - (min high pulse limit / (high pulse / period)))
  Period: 40.000ns
  High pulse: 20.000ns
  High pulse limit: 0.500ns (Tch)
  Physical resource: Inst_VGA/Test_counter/count<3>/CLK
  Logical resource: Inst_VGA/Test_counter/count_0/CK
  Location pin: SLICE_X81Y127.CLK
  Clock network: board_clk
--------------------------------------------------------------------------------

================================================================================
Timing constraint: TS_your_instance_name_clkout3 = PERIOD TIMEGRP 
"your_instance_name_clkout3"         TS_sys_clk_pin * 0.666666667 HIGH 50%;
For more information, see Period Analysis in the Timing Closure User Guide (UG612).

 0 paths analyzed, 0 endpoints analyzed, 0 failing endpoints
 0 timing errors detected. (0 component switching limit errors)
 Minimum period is   2.155ns.
--------------------------------------------------------------------------------

Component Switching Limit Checks: TS_your_instance_name_clkout3 = PERIOD TIMEGRP "your_instance_name_clkout3"
        TS_sys_clk_pin * 0.666666667 HIGH 50%;
--------------------------------------------------------------------------------
Slack: 12.845ns (period - min period limit)
  Period: 15.000ns
  Min period limit: 2.155ns (464.037MHz) (Tbcper_I(Fmax))
  Physical resource: your_instance_name/clkout4_buf/I0
  Logical resource: your_instance_name/clkout4_buf/I0
  Location pin: BUFGCTRL_X0Y27.I0
  Clock network: your_instance_name/clkout3
--------------------------------------------------------------------------------
Slack: 14.000ns (period - (min low pulse limit / (low pulse / period)))
  Period: 15.000ns
  Low pulse: 7.500ns
  Low pulse limit: 0.500ns (Tcl)
  Physical resource: Inst_XGA/Inst_XGA_Control/Hcount/count<3>/CLK
  Logical resource: Inst_XGA/Inst_XGA_Control/Hcount/count_0/CK
  Location pin: SLICE_X72Y85.CLK
  Clock network: board_clk
--------------------------------------------------------------------------------
Slack: 14.000ns (period - (min high pulse limit / (high pulse / period)))
  Period: 15.000ns
  High pulse: 7.500ns
  High pulse limit: 0.500ns (Tch)
  Physical resource: Inst_XGA/Inst_XGA_Control/Hcount/count<3>/CLK
  Logical resource: Inst_XGA/Inst_XGA_Control/Hcount/count_0/CK
  Location pin: SLICE_X72Y85.CLK
  Clock network: board_clk
--------------------------------------------------------------------------------

================================================================================
Timing constraint: TS_your_instance_name_clkout4 = PERIOD TIMEGRP 
"your_instance_name_clkout4"         TS_sys_clk_pin * 1.09090909 HIGH 50%;
For more information, see Period Analysis in the Timing Closure User Guide (UG612).

 0 paths analyzed, 0 endpoints analyzed, 0 failing endpoints
 0 timing errors detected. (0 component switching limit errors)
 Minimum period is   2.155ns.
--------------------------------------------------------------------------------

Component Switching Limit Checks: TS_your_instance_name_clkout4 = PERIOD TIMEGRP "your_instance_name_clkout4"
        TS_sys_clk_pin * 1.09090909 HIGH 50%;
--------------------------------------------------------------------------------
Slack: 7.011ns (period - min period limit)
  Period: 9.166ns
  Min period limit: 2.155ns (464.037MHz) (Tbcper_I(Fmax))
  Physical resource: your_instance_name/clkout5_buf/I0
  Logical resource: your_instance_name/clkout5_buf/I0
  Location pin: BUFGCTRL_X0Y26.I0
  Clock network: your_instance_name/clkout4
--------------------------------------------------------------------------------
Slack: 8.166ns (period - (min low pulse limit / (low pulse / period)))
  Period: 9.166ns
  Low pulse: 4.583ns
  Low pulse limit: 0.500ns (Tcl)
  Physical resource: Inst_SXGA/Test_counter/count<3>/CLK
  Logical resource: Inst_SXGA/Test_counter/count_0/CK
  Location pin: SLICE_X88Y113.CLK
  Clock network: board_clk
--------------------------------------------------------------------------------
Slack: 8.166ns (period - (min high pulse limit / (high pulse / period)))
  Period: 9.166ns
  High pulse: 4.583ns
  High pulse limit: 0.500ns (Tch)
  Physical resource: Inst_SXGA/Test_counter/count<3>/CLK
  Logical resource: Inst_SXGA/Test_counter/count_0/CK
  Location pin: SLICE_X88Y113.CLK
  Clock network: board_clk
--------------------------------------------------------------------------------

================================================================================
Timing constraint: TS_your_instance_name_clkout2 = PERIOD TIMEGRP 
"your_instance_name_clkout2"         TS_sys_clk_pin * 0.4 HIGH 50%;
For more information, see Period Analysis in the Timing Closure User Guide (UG612).

 0 paths analyzed, 0 endpoints analyzed, 0 failing endpoints
 0 timing errors detected. (0 component switching limit errors)
 Minimum period is   2.155ns.
--------------------------------------------------------------------------------

Component Switching Limit Checks: TS_your_instance_name_clkout2 = PERIOD TIMEGRP "your_instance_name_clkout2"
        TS_sys_clk_pin * 0.4 HIGH 50%;
--------------------------------------------------------------------------------
Slack: 22.845ns (period - min period limit)
  Period: 25.000ns
  Min period limit: 2.155ns (464.037MHz) (Tbcper_I(Fmax))
  Physical resource: your_instance_name/clkout3_buf/I0
  Logical resource: your_instance_name/clkout3_buf/I0
  Location pin: BUFGCTRL_X0Y28.I0
  Clock network: your_instance_name/clkout2
--------------------------------------------------------------------------------
Slack: 24.000ns (period - (min low pulse limit / (low pulse / period)))
  Period: 25.000ns
  Low pulse: 12.500ns
  Low pulse limit: 0.500ns (Tcl)
  Physical resource: Inst_SVGA/Test_counter/count<3>/CLK
  Logical resource: Inst_SVGA/Test_counter/count_0/CK
  Location pin: SLICE_X66Y109.CLK
  Clock network: board_clk
--------------------------------------------------------------------------------
Slack: 24.000ns (period - (min high pulse limit / (high pulse / period)))
  Period: 25.000ns
  High pulse: 12.500ns
  High pulse limit: 0.500ns (Tch)
  Physical resource: Inst_SVGA/Test_counter/count<3>/CLK
  Logical resource: Inst_SVGA/Test_counter/count_0/CK
  Location pin: SLICE_X66Y109.CLK
  Clock network: board_clk
--------------------------------------------------------------------------------

================================================================================
Timing constraint: TS_your_instance_name_clkout0 = PERIOD TIMEGRP 
"your_instance_name_clkout0"         TS_sys_clk_pin HIGH 50%;
For more information, see Period Analysis in the Timing Closure User Guide (UG612).

 37601 paths analyzed, 1945 endpoints analyzed, 0 failing endpoints
 0 timing errors detected. (0 setup errors, 0 hold errors, 0 component switching limit errors)
 Minimum period is   7.897ns.
--------------------------------------------------------------------------------

Paths for end point Inst_VGA/Inst_Image_Generator/verticalCounter/count_0 (SLICE_X68Y67.CE), 47 paths
--------------------------------------------------------------------------------
Slack (setup path):     2.103ns (requirement - (data path - clock path skew + uncertainty))
  Source:               Inst_VGA/Inst_Image_Generator/DB1/Flip2/Q (FF)
  Destination:          Inst_VGA/Inst_Image_Generator/verticalCounter/count_0 (FF)
  Requirement:          10.000ns
  Data Path Delay:      7.709ns (Levels of Logic = 3)
  Clock Path Skew:      -0.121ns (1.363 - 1.484)
  Source Clock:         board_clk rising at 0.000ns
  Destination Clock:    board_clk rising at 10.000ns
  Clock Uncertainty:    0.067ns

  Clock Uncertainty:          0.067ns  ((TSJ^2 + DJ^2)^1/2) / 2 + PE
    Total System Jitter (TSJ):  0.070ns
    Discrete Jitter (DJ):       0.114ns
    Phase Error (PE):           0.000ns

  Maximum Data Path at Slow Process Corner: Inst_VGA/Inst_Image_Generator/DB1/Flip2/Q to Inst_VGA/Inst_Image_Generator/verticalCounter/count_0
    Location             Delay type         Delay(ns)  Physical Resource
                                                       Logical Resource(s)
    -------------------------------------------------  -------------------
    SLICE_X14Y71.DQ      Tcko                  0.518   Inst_VGA/Inst_Image_Generator/DB1/Flip2/Q
                                                       Inst_VGA/Inst_Image_Generator/DB1/Flip2/Q
    SLICE_X49Y79.D5      net (fanout=5)        1.297   Inst_VGA/Inst_Image_Generator/DB1/Flip2/Q
    SLICE_X49Y79.D       Tilo                  0.124   Inst_VGA/Inst_Image_Generator/button_d[1]_top_border_AND_11_o2
                                                       Inst_VGA/Inst_Image_Generator/button_d[1]_top_border_AND_11_o1
    SLICE_X70Y68.A1      net (fanout=2)        1.898   Inst_VGA/Inst_Image_Generator/button_d[1]_top_border_AND_11_o2
    SLICE_X70Y68.A       Tilo                  0.124   Inst_VGA/Inst_Image_Generator/button_d[1]_top_border_AND_11_o_inv
                                                       Inst_VGA/Inst_Image_Generator/button_d[1]_top_border_AND_11_o3
    SLICE_X45Y82.C5      net (fanout=11)       1.691   Inst_VGA/Inst_Image_Generator/button_d[1]_top_border_AND_11_o
    SLICE_X45Y82.C       Tilo                  0.124   Inst_VGA/Inst_Image_Generator/verticalCounter/_n0031_inv
                                                       Inst_VGA/Inst_Image_Generator/verticalCounter/_n0031_inv3
    SLICE_X68Y67.CE      net (fanout=3)        1.728   Inst_VGA/Inst_Image_Generator/verticalCounter/_n0031_inv
    SLICE_X68Y67.CLK     Tceck                 0.205   Inst_VGA/Inst_Image_Generator/verticalCounter/count<3>
                                                       Inst_VGA/Inst_Image_Generator/verticalCounter/count_0
    -------------------------------------------------  ---------------------------
    Total                                      7.709ns (1.095ns logic, 6.614ns route)
                                                       (14.2% logic, 85.8% route)

--------------------------------------------------------------------------------
Slack (setup path):     2.741ns (requirement - (data path - clock path skew + uncertainty))
  Source:               Inst_VGA/Inst_Image_Generator/DB1/Flip3/Q (FF)
  Destination:          Inst_VGA/Inst_Image_Generator/verticalCounter/count_0 (FF)
  Requirement:          10.000ns
  Data Path Delay:      7.082ns (Levels of Logic = 3)
  Clock Path Skew:      -0.110ns (1.363 - 1.473)
  Source Clock:         board_clk rising at 0.000ns
  Destination Clock:    board_clk rising at 10.000ns
  Clock Uncertainty:    0.067ns

  Clock Uncertainty:          0.067ns  ((TSJ^2 + DJ^2)^1/2) / 2 + PE
    Total System Jitter (TSJ):  0.070ns
    Discrete Jitter (DJ):       0.114ns
    Phase Error (PE):           0.000ns

  Maximum Data Path at Slow Process Corner: Inst_VGA/Inst_Image_Generator/DB1/Flip3/Q to Inst_VGA/Inst_Image_Generator/verticalCounter/count_0
    Location             Delay type         Delay(ns)  Physical Resource
                                                       Logical Resource(s)
    -------------------------------------------------  -------------------
    SLICE_X48Y79.CMUX    Tshcko                0.592   Inst_VGA/Inst_Image_Generator/DB1/Flip3/Q
                                                       Inst_VGA/Inst_Image_Generator/DB1/Flip3/Q
    SLICE_X49Y79.D4      net (fanout=4)        0.596   Inst_VGA/Inst_Image_Generator/DB1/Flip3/Q
    SLICE_X49Y79.D       Tilo                  0.124   Inst_VGA/Inst_Image_Generator/button_d[1]_top_border_AND_11_o2
                                                       Inst_VGA/Inst_Image_Generator/button_d[1]_top_border_AND_11_o1
    SLICE_X70Y68.A1      net (fanout=2)        1.898   Inst_VGA/Inst_Image_Generator/button_d[1]_top_border_AND_11_o2
    SLICE_X70Y68.A       Tilo                  0.124   Inst_VGA/Inst_Image_Generator/button_d[1]_top_border_AND_11_o_inv
                                                       Inst_VGA/Inst_Image_Generator/button_d[1]_top_border_AND_11_o3
    SLICE_X45Y82.C5      net (fanout=11)       1.691   Inst_VGA/Inst_Image_Generator/button_d[1]_top_border_AND_11_o
    SLICE_X45Y82.C       Tilo                  0.124   Inst_VGA/Inst_Image_Generator/verticalCounter/_n0031_inv
                                                       Inst_VGA/Inst_Image_Generator/verticalCounter/_n0031_inv3
    SLICE_X68Y67.CE      net (fanout=3)        1.728   Inst_VGA/Inst_Image_Generator/verticalCounter/_n0031_inv
    SLICE_X68Y67.CLK     Tceck                 0.205   Inst_VGA/Inst_Image_Generator/verticalCounter/count<3>
                                                       Inst_VGA/Inst_Image_Generator/verticalCounter/count_0
    -------------------------------------------------  ---------------------------
    Total                                      7.082ns (1.169ns logic, 5.913ns route)
                                                       (16.5% logic, 83.5% route)

--------------------------------------------------------------------------------
Slack (setup path):     3.649ns (requirement - (data path - clock path skew + uncertainty))
  Source:               Inst_VGA/Inst_Image_Generator/verticalCounter/count_3 (FF)
  Destination:          Inst_VGA/Inst_Image_Generator/verticalCounter/count_0 (FF)
  Requirement:          10.000ns
  Data Path Delay:      6.284ns (Levels of Logic = 3)
  Clock Path Skew:      0.000ns
  Source Clock:         board_clk rising at 0.000ns
  Destination Clock:    board_clk rising at 10.000ns
  Clock Uncertainty:    0.067ns

  Clock Uncertainty:          0.067ns  ((TSJ^2 + DJ^2)^1/2) / 2 + PE
    Total System Jitter (TSJ):  0.070ns
    Discrete Jitter (DJ):       0.114ns
    Phase Error (PE):           0.000ns

  Maximum Data Path at Slow Process Corner: Inst_VGA/Inst_Image_Generator/verticalCounter/count_3 to Inst_VGA/Inst_Image_Generator/verticalCounter/count_0
    Location             Delay type         Delay(ns)  Physical Resource
                                                       Logical Resource(s)
    -------------------------------------------------  -------------------
    SLICE_X68Y67.DQ      Tcko                  0.456   Inst_VGA/Inst_Image_Generator/verticalCounter/count<3>
                                                       Inst_VGA/Inst_Image_Generator/verticalCounter/count_3
    SLICE_X72Y66.B1      net (fanout=15)       1.270   Inst_VGA/Inst_Image_Generator/verticalCounter/count<3>
    SLICE_X72Y66.B       Tilo                  0.124   Inst_VGA/Inst_Image_Generator/box_border_u<9>
                                                       Inst_VGA/Inst_Image_Generator/button_d[1]_top_border_AND_11_o11
    SLICE_X70Y68.A6      net (fanout=4)        0.562   Inst_VGA/Inst_Image_Generator/button_d[1]_top_border_AND_11_o1
    SLICE_X70Y68.A       Tilo                  0.124   Inst_VGA/Inst_Image_Generator/button_d[1]_top_border_AND_11_o_inv
                                                       Inst_VGA/Inst_Image_Generator/button_d[1]_top_border_AND_11_o3
    SLICE_X45Y82.C5      net (fanout=11)       1.691   Inst_VGA/Inst_Image_Generator/button_d[1]_top_border_AND_11_o
    SLICE_X45Y82.C       Tilo                  0.124   Inst_VGA/Inst_Image_Generator/verticalCounter/_n0031_inv
                                                       Inst_VGA/Inst_Image_Generator/verticalCounter/_n0031_inv3
    SLICE_X68Y67.CE      net (fanout=3)        1.728   Inst_VGA/Inst_Image_Generator/verticalCounter/_n0031_inv
    SLICE_X68Y67.CLK     Tceck                 0.205   Inst_VGA/Inst_Image_Generator/verticalCounter/count<3>
                                                       Inst_VGA/Inst_Image_Generator/verticalCounter/count_0
    -------------------------------------------------  ---------------------------
    Total                                      6.284ns (1.033ns logic, 5.251ns route)
                                                       (16.4% logic, 83.6% route)

--------------------------------------------------------------------------------

Paths for end point Inst_VGA/Inst_Image_Generator/verticalCounter/count_1 (SLICE_X68Y67.CE), 47 paths
--------------------------------------------------------------------------------
Slack (setup path):     2.103ns (requirement - (data path - clock path skew + uncertainty))
  Source:               Inst_VGA/Inst_Image_Generator/DB1/Flip2/Q (FF)
  Destination:          Inst_VGA/Inst_Image_Generator/verticalCounter/count_1 (FF)
  Requirement:          10.000ns
  Data Path Delay:      7.709ns (Levels of Logic = 3)
  Clock Path Skew:      -0.121ns (1.363 - 1.484)
  Source Clock:         board_clk rising at 0.000ns
  Destination Clock:    board_clk rising at 10.000ns
  Clock Uncertainty:    0.067ns

  Clock Uncertainty:          0.067ns  ((TSJ^2 + DJ^2)^1/2) / 2 + PE
    Total System Jitter (TSJ):  0.070ns
    Discrete Jitter (DJ):       0.114ns
    Phase Error (PE):           0.000ns

  Maximum Data Path at Slow Process Corner: Inst_VGA/Inst_Image_Generator/DB1/Flip2/Q to Inst_VGA/Inst_Image_Generator/verticalCounter/count_1
    Location             Delay type         Delay(ns)  Physical Resource
                                                       Logical Resource(s)
    -------------------------------------------------  -------------------
    SLICE_X14Y71.DQ      Tcko                  0.518   Inst_VGA/Inst_Image_Generator/DB1/Flip2/Q
                                                       Inst_VGA/Inst_Image_Generator/DB1/Flip2/Q
    SLICE_X49Y79.D5      net (fanout=5)        1.297   Inst_VGA/Inst_Image_Generator/DB1/Flip2/Q
    SLICE_X49Y79.D       Tilo                  0.124   Inst_VGA/Inst_Image_Generator/button_d[1]_top_border_AND_11_o2
                                                       Inst_VGA/Inst_Image_Generator/button_d[1]_top_border_AND_11_o1
    SLICE_X70Y68.A1      net (fanout=2)        1.898   Inst_VGA/Inst_Image_Generator/button_d[1]_top_border_AND_11_o2
    SLICE_X70Y68.A       Tilo                  0.124   Inst_VGA/Inst_Image_Generator/button_d[1]_top_border_AND_11_o_inv
                                                       Inst_VGA/Inst_Image_Generator/button_d[1]_top_border_AND_11_o3
    SLICE_X45Y82.C5      net (fanout=11)       1.691   Inst_VGA/Inst_Image_Generator/button_d[1]_top_border_AND_11_o
    SLICE_X45Y82.C       Tilo                  0.124   Inst_VGA/Inst_Image_Generator/verticalCounter/_n0031_inv
                                                       Inst_VGA/Inst_Image_Generator/verticalCounter/_n0031_inv3
    SLICE_X68Y67.CE      net (fanout=3)        1.728   Inst_VGA/Inst_Image_Generator/verticalCounter/_n0031_inv
    SLICE_X68Y67.CLK     Tceck                 0.205   Inst_VGA/Inst_Image_Generator/verticalCounter/count<3>
                                                       Inst_VGA/Inst_Image_Generator/verticalCounter/count_1
    -------------------------------------------------  ---------------------------
    Total                                      7.709ns (1.095ns logic, 6.614ns route)
                                                       (14.2% logic, 85.8% route)

--------------------------------------------------------------------------------
Slack (setup path):     2.741ns (requirement - (data path - clock path skew + uncertainty))
  Source:               Inst_VGA/Inst_Image_Generator/DB1/Flip3/Q (FF)
  Destination:          Inst_VGA/Inst_Image_Generator/verticalCounter/count_1 (FF)
  Requirement:          10.000ns
  Data Path Delay:      7.082ns (Levels of Logic = 3)
  Clock Path Skew:      -0.110ns (1.363 - 1.473)
  Source Clock:         board_clk rising at 0.000ns
  Destination Clock:    board_clk rising at 10.000ns
  Clock Uncertainty:    0.067ns

  Clock Uncertainty:          0.067ns  ((TSJ^2 + DJ^2)^1/2) / 2 + PE
    Total System Jitter (TSJ):  0.070ns
    Discrete Jitter (DJ):       0.114ns
    Phase Error (PE):           0.000ns

  Maximum Data Path at Slow Process Corner: Inst_VGA/Inst_Image_Generator/DB1/Flip3/Q to Inst_VGA/Inst_Image_Generator/verticalCounter/count_1
    Location             Delay type         Delay(ns)  Physical Resource
                                                       Logical Resource(s)
    -------------------------------------------------  -------------------
    SLICE_X48Y79.CMUX    Tshcko                0.592   Inst_VGA/Inst_Image_Generator/DB1/Flip3/Q
                                                       Inst_VGA/Inst_Image_Generator/DB1/Flip3/Q
    SLICE_X49Y79.D4      net (fanout=4)        0.596   Inst_VGA/Inst_Image_Generator/DB1/Flip3/Q
    SLICE_X49Y79.D       Tilo                  0.124   Inst_VGA/Inst_Image_Generator/button_d[1]_top_border_AND_11_o2
                                                       Inst_VGA/Inst_Image_Generator/button_d[1]_top_border_AND_11_o1
    SLICE_X70Y68.A1      net (fanout=2)        1.898   Inst_VGA/Inst_Image_Generator/button_d[1]_top_border_AND_11_o2
    SLICE_X70Y68.A       Tilo                  0.124   Inst_VGA/Inst_Image_Generator/button_d[1]_top_border_AND_11_o_inv
                                                       Inst_VGA/Inst_Image_Generator/button_d[1]_top_border_AND_11_o3
    SLICE_X45Y82.C5      net (fanout=11)       1.691   Inst_VGA/Inst_Image_Generator/button_d[1]_top_border_AND_11_o
    SLICE_X45Y82.C       Tilo                  0.124   Inst_VGA/Inst_Image_Generator/verticalCounter/_n0031_inv
                                                       Inst_VGA/Inst_Image_Generator/verticalCounter/_n0031_inv3
    SLICE_X68Y67.CE      net (fanout=3)        1.728   Inst_VGA/Inst_Image_Generator/verticalCounter/_n0031_inv
    SLICE_X68Y67.CLK     Tceck                 0.205   Inst_VGA/Inst_Image_Generator/verticalCounter/count<3>
                                                       Inst_VGA/Inst_Image_Generator/verticalCounter/count_1
    -------------------------------------------------  ---------------------------
    Total                                      7.082ns (1.169ns logic, 5.913ns route)
                                                       (16.5% logic, 83.5% route)

--------------------------------------------------------------------------------
Slack (setup path):     3.649ns (requirement - (data path - clock path skew + uncertainty))
  Source:               Inst_VGA/Inst_Image_Generator/verticalCounter/count_3 (FF)
  Destination:          Inst_VGA/Inst_Image_Generator/verticalCounter/count_1 (FF)
  Requirement:          10.000ns
  Data Path Delay:      6.284ns (Levels of Logic = 3)
  Clock Path Skew:      0.000ns
  Source Clock:         board_clk rising at 0.000ns
  Destination Clock:    board_clk rising at 10.000ns
  Clock Uncertainty:    0.067ns

  Clock Uncertainty:          0.067ns  ((TSJ^2 + DJ^2)^1/2) / 2 + PE
    Total System Jitter (TSJ):  0.070ns
    Discrete Jitter (DJ):       0.114ns
    Phase Error (PE):           0.000ns

  Maximum Data Path at Slow Process Corner: Inst_VGA/Inst_Image_Generator/verticalCounter/count_3 to Inst_VGA/Inst_Image_Generator/verticalCounter/count_1
    Location             Delay type         Delay(ns)  Physical Resource
                                                       Logical Resource(s)
    -------------------------------------------------  -------------------
    SLICE_X68Y67.DQ      Tcko                  0.456   Inst_VGA/Inst_Image_Generator/verticalCounter/count<3>
                                                       Inst_VGA/Inst_Image_Generator/verticalCounter/count_3
    SLICE_X72Y66.B1      net (fanout=15)       1.270   Inst_VGA/Inst_Image_Generator/verticalCounter/count<3>
    SLICE_X72Y66.B       Tilo                  0.124   Inst_VGA/Inst_Image_Generator/box_border_u<9>
                                                       Inst_VGA/Inst_Image_Generator/button_d[1]_top_border_AND_11_o11
    SLICE_X70Y68.A6      net (fanout=4)        0.562   Inst_VGA/Inst_Image_Generator/button_d[1]_top_border_AND_11_o1
    SLICE_X70Y68.A       Tilo                  0.124   Inst_VGA/Inst_Image_Generator/button_d[1]_top_border_AND_11_o_inv
                                                       Inst_VGA/Inst_Image_Generator/button_d[1]_top_border_AND_11_o3
    SLICE_X45Y82.C5      net (fanout=11)       1.691   Inst_VGA/Inst_Image_Generator/button_d[1]_top_border_AND_11_o
    SLICE_X45Y82.C       Tilo                  0.124   Inst_VGA/Inst_Image_Generator/verticalCounter/_n0031_inv
                                                       Inst_VGA/Inst_Image_Generator/verticalCounter/_n0031_inv3
    SLICE_X68Y67.CE      net (fanout=3)        1.728   Inst_VGA/Inst_Image_Generator/verticalCounter/_n0031_inv
    SLICE_X68Y67.CLK     Tceck                 0.205   Inst_VGA/Inst_Image_Generator/verticalCounter/count<3>
                                                       Inst_VGA/Inst_Image_Generator/verticalCounter/count_1
    -------------------------------------------------  ---------------------------
    Total                                      6.284ns (1.033ns logic, 5.251ns route)
                                                       (16.4% logic, 83.6% route)

--------------------------------------------------------------------------------

Paths for end point Inst_VGA/Inst_Image_Generator/verticalCounter/count_2 (SLICE_X68Y67.CE), 47 paths
--------------------------------------------------------------------------------
Slack (setup path):     2.103ns (requirement - (data path - clock path skew + uncertainty))
  Source:               Inst_VGA/Inst_Image_Generator/DB1/Flip2/Q (FF)
  Destination:          Inst_VGA/Inst_Image_Generator/verticalCounter/count_2 (FF)
  Requirement:          10.000ns
  Data Path Delay:      7.709ns (Levels of Logic = 3)
  Clock Path Skew:      -0.121ns (1.363 - 1.484)
  Source Clock:         board_clk rising at 0.000ns
  Destination Clock:    board_clk rising at 10.000ns
  Clock Uncertainty:    0.067ns

  Clock Uncertainty:          0.067ns  ((TSJ^2 + DJ^2)^1/2) / 2 + PE
    Total System Jitter (TSJ):  0.070ns
    Discrete Jitter (DJ):       0.114ns
    Phase Error (PE):           0.000ns

  Maximum Data Path at Slow Process Corner: Inst_VGA/Inst_Image_Generator/DB1/Flip2/Q to Inst_VGA/Inst_Image_Generator/verticalCounter/count_2
    Location             Delay type         Delay(ns)  Physical Resource
                                                       Logical Resource(s)
    -------------------------------------------------  -------------------
    SLICE_X14Y71.DQ      Tcko                  0.518   Inst_VGA/Inst_Image_Generator/DB1/Flip2/Q
                                                       Inst_VGA/Inst_Image_Generator/DB1/Flip2/Q
    SLICE_X49Y79.D5      net (fanout=5)        1.297   Inst_VGA/Inst_Image_Generator/DB1/Flip2/Q
    SLICE_X49Y79.D       Tilo                  0.124   Inst_VGA/Inst_Image_Generator/button_d[1]_top_border_AND_11_o2
                                                       Inst_VGA/Inst_Image_Generator/button_d[1]_top_border_AND_11_o1
    SLICE_X70Y68.A1      net (fanout=2)        1.898   Inst_VGA/Inst_Image_Generator/button_d[1]_top_border_AND_11_o2
    SLICE_X70Y68.A       Tilo                  0.124   Inst_VGA/Inst_Image_Generator/button_d[1]_top_border_AND_11_o_inv
                                                       Inst_VGA/Inst_Image_Generator/button_d[1]_top_border_AND_11_o3
    SLICE_X45Y82.C5      net (fanout=11)       1.691   Inst_VGA/Inst_Image_Generator/button_d[1]_top_border_AND_11_o
    SLICE_X45Y82.C       Tilo                  0.124   Inst_VGA/Inst_Image_Generator/verticalCounter/_n0031_inv
                                                       Inst_VGA/Inst_Image_Generator/verticalCounter/_n0031_inv3
    SLICE_X68Y67.CE      net (fanout=3)        1.728   Inst_VGA/Inst_Image_Generator/verticalCounter/_n0031_inv
    SLICE_X68Y67.CLK     Tceck                 0.205   Inst_VGA/Inst_Image_Generator/verticalCounter/count<3>
                                                       Inst_VGA/Inst_Image_Generator/verticalCounter/count_2
    -------------------------------------------------  ---------------------------
    Total                                      7.709ns (1.095ns logic, 6.614ns route)
                                                       (14.2% logic, 85.8% route)

--------------------------------------------------------------------------------
Slack (setup path):     2.741ns (requirement - (data path - clock path skew + uncertainty))
  Source:               Inst_VGA/Inst_Image_Generator/DB1/Flip3/Q (FF)
  Destination:          Inst_VGA/Inst_Image_Generator/verticalCounter/count_2 (FF)
  Requirement:          10.000ns
  Data Path Delay:      7.082ns (Levels of Logic = 3)
  Clock Path Skew:      -0.110ns (1.363 - 1.473)
  Source Clock:         board_clk rising at 0.000ns
  Destination Clock:    board_clk rising at 10.000ns
  Clock Uncertainty:    0.067ns

  Clock Uncertainty:          0.067ns  ((TSJ^2 + DJ^2)^1/2) / 2 + PE
    Total System Jitter (TSJ):  0.070ns
    Discrete Jitter (DJ):       0.114ns
    Phase Error (PE):           0.000ns

  Maximum Data Path at Slow Process Corner: Inst_VGA/Inst_Image_Generator/DB1/Flip3/Q to Inst_VGA/Inst_Image_Generator/verticalCounter/count_2
    Location             Delay type         Delay(ns)  Physical Resource
                                                       Logical Resource(s)
    -------------------------------------------------  -------------------
    SLICE_X48Y79.CMUX    Tshcko                0.592   Inst_VGA/Inst_Image_Generator/DB1/Flip3/Q
                                                       Inst_VGA/Inst_Image_Generator/DB1/Flip3/Q
    SLICE_X49Y79.D4      net (fanout=4)        0.596   Inst_VGA/Inst_Image_Generator/DB1/Flip3/Q
    SLICE_X49Y79.D       Tilo                  0.124   Inst_VGA/Inst_Image_Generator/button_d[1]_top_border_AND_11_o2
                                                       Inst_VGA/Inst_Image_Generator/button_d[1]_top_border_AND_11_o1
    SLICE_X70Y68.A1      net (fanout=2)        1.898   Inst_VGA/Inst_Image_Generator/button_d[1]_top_border_AND_11_o2
    SLICE_X70Y68.A       Tilo                  0.124   Inst_VGA/Inst_Image_Generator/button_d[1]_top_border_AND_11_o_inv
                                                       Inst_VGA/Inst_Image_Generator/button_d[1]_top_border_AND_11_o3
    SLICE_X45Y82.C5      net (fanout=11)       1.691   Inst_VGA/Inst_Image_Generator/button_d[1]_top_border_AND_11_o
    SLICE_X45Y82.C       Tilo                  0.124   Inst_VGA/Inst_Image_Generator/verticalCounter/_n0031_inv
                                                       Inst_VGA/Inst_Image_Generator/verticalCounter/_n0031_inv3
    SLICE_X68Y67.CE      net (fanout=3)        1.728   Inst_VGA/Inst_Image_Generator/verticalCounter/_n0031_inv
    SLICE_X68Y67.CLK     Tceck                 0.205   Inst_VGA/Inst_Image_Generator/verticalCounter/count<3>
                                                       Inst_VGA/Inst_Image_Generator/verticalCounter/count_2
    -------------------------------------------------  ---------------------------
    Total                                      7.082ns (1.169ns logic, 5.913ns route)
                                                       (16.5% logic, 83.5% route)

--------------------------------------------------------------------------------
Slack (setup path):     3.649ns (requirement - (data path - clock path skew + uncertainty))
  Source:               Inst_VGA/Inst_Image_Generator/verticalCounter/count_3 (FF)
  Destination:          Inst_VGA/Inst_Image_Generator/verticalCounter/count_2 (FF)
  Requirement:          10.000ns
  Data Path Delay:      6.284ns (Levels of Logic = 3)
  Clock Path Skew:      0.000ns
  Source Clock:         board_clk rising at 0.000ns
  Destination Clock:    board_clk rising at 10.000ns
  Clock Uncertainty:    0.067ns

  Clock Uncertainty:          0.067ns  ((TSJ^2 + DJ^2)^1/2) / 2 + PE
    Total System Jitter (TSJ):  0.070ns
    Discrete Jitter (DJ):       0.114ns
    Phase Error (PE):           0.000ns

  Maximum Data Path at Slow Process Corner: Inst_VGA/Inst_Image_Generator/verticalCounter/count_3 to Inst_VGA/Inst_Image_Generator/verticalCounter/count_2
    Location             Delay type         Delay(ns)  Physical Resource
                                                       Logical Resource(s)
    -------------------------------------------------  -------------------
    SLICE_X68Y67.DQ      Tcko                  0.456   Inst_VGA/Inst_Image_Generator/verticalCounter/count<3>
                                                       Inst_VGA/Inst_Image_Generator/verticalCounter/count_3
    SLICE_X72Y66.B1      net (fanout=15)       1.270   Inst_VGA/Inst_Image_Generator/verticalCounter/count<3>
    SLICE_X72Y66.B       Tilo                  0.124   Inst_VGA/Inst_Image_Generator/box_border_u<9>
                                                       Inst_VGA/Inst_Image_Generator/button_d[1]_top_border_AND_11_o11
    SLICE_X70Y68.A6      net (fanout=4)        0.562   Inst_VGA/Inst_Image_Generator/button_d[1]_top_border_AND_11_o1
    SLICE_X70Y68.A       Tilo                  0.124   Inst_VGA/Inst_Image_Generator/button_d[1]_top_border_AND_11_o_inv
                                                       Inst_VGA/Inst_Image_Generator/button_d[1]_top_border_AND_11_o3
    SLICE_X45Y82.C5      net (fanout=11)       1.691   Inst_VGA/Inst_Image_Generator/button_d[1]_top_border_AND_11_o
    SLICE_X45Y82.C       Tilo                  0.124   Inst_VGA/Inst_Image_Generator/verticalCounter/_n0031_inv
                                                       Inst_VGA/Inst_Image_Generator/verticalCounter/_n0031_inv3
    SLICE_X68Y67.CE      net (fanout=3)        1.728   Inst_VGA/Inst_Image_Generator/verticalCounter/_n0031_inv
    SLICE_X68Y67.CLK     Tceck                 0.205   Inst_VGA/Inst_Image_Generator/verticalCounter/count<3>
                                                       Inst_VGA/Inst_Image_Generator/verticalCounter/count_2
    -------------------------------------------------  ---------------------------
    Total                                      6.284ns (1.033ns logic, 5.251ns route)
                                                       (16.4% logic, 83.6% route)

--------------------------------------------------------------------------------

Hold Paths: TS_your_instance_name_clkout0 = PERIOD TIMEGRP "your_instance_name_clkout0"
        TS_sys_clk_pin HIGH 50%;
--------------------------------------------------------------------------------

Paths for end point Inst_SVGA/Inst_Image_Generator_CircROM/Mram_ADDRESS[10]_GND_158_o_wide_mux_0_OUT (RAMB36_X3Y18.ADDRARDADDRU7), 1 path
--------------------------------------------------------------------------------
Slack (hold path):      0.083ns (requirement - (clock path skew + uncertainty - data path))
  Source:               Inst_SVGA/Inst_Image_Generator/ROMCounter/count_3 (FF)
  Destination:          Inst_SVGA/Inst_Image_Generator_CircROM/Mram_ADDRESS[10]_GND_158_o_wide_mux_0_OUT (RAM)
  Requirement:          0.000ns
  Data Path Delay:      0.142ns (Levels of Logic = 0)
  Clock Path Skew:      0.059ns (0.129 - 0.070)
  Source Clock:         board_clk rising at 10.000ns
  Destination Clock:    board_clk rising at 10.000ns
  Clock Uncertainty:    0.000ns

  Minimum Data Path at Fast Process Corner: Inst_SVGA/Inst_Image_Generator/ROMCounter/count_3 to Inst_SVGA/Inst_Image_Generator_CircROM/Mram_ADDRESS[10]_GND_158_o_wide_mux_0_OUT
    Location                   Delay type         Delay(ns)  Physical Resource
                                                             Logical Resource(s)
    -------------------------------------------------------  -------------------
    SLICE_X81Y92.DQ            Tcko                  0.141   Inst_SVGA/Inst_Image_Generator/ROMCounter/count<3>
                                                             Inst_SVGA/Inst_Image_Generator/ROMCounter/count_3
    RAMB36_X3Y18.ADDRARDADDRU7 net (fanout=5)        0.184   Inst_SVGA/Inst_Image_Generator/ROMCounter/count<3>
    RAMB36_X3Y18.CLKARDCLKU    Trckc_ADDRA (-Th)     0.183   Inst_SVGA/Inst_Image_Generator_CircROM/Mram_ADDRESS[10]_GND_158_o_wide_mux_0_OUT
                                                             Inst_SVGA/Inst_Image_Generator_CircROM/Mram_ADDRESS[10]_GND_158_o_wide_mux_0_OUT
    -------------------------------------------------------  ---------------------------
    Total                                            0.142ns (-0.042ns logic, 0.184ns route)
                                                             (-29.6% logic, 129.6% route)

--------------------------------------------------------------------------------

Paths for end point Inst_XGA/Inst_Image_Generator_CircROM/Mram_ADDRESS[10]_GND_158_o_wide_mux_0_OUT (RAMB36_X3Y17.ADDRARDADDRU9), 1 path
--------------------------------------------------------------------------------
Slack (hold path):      0.089ns (requirement - (clock path skew + uncertainty - data path))
  Source:               Inst_XGA/Inst_Image_Generator/ROMCounter/count_5 (FF)
  Destination:          Inst_XGA/Inst_Image_Generator_CircROM/Mram_ADDRESS[10]_GND_158_o_wide_mux_0_OUT (RAM)
  Requirement:          0.000ns
  Data Path Delay:      0.148ns (Levels of Logic = 0)
  Clock Path Skew:      0.059ns (0.127 - 0.068)
  Source Clock:         board_clk rising at 10.000ns
  Destination Clock:    board_clk rising at 10.000ns
  Clock Uncertainty:    0.000ns

  Minimum Data Path at Fast Process Corner: Inst_XGA/Inst_Image_Generator/ROMCounter/count_5 to Inst_XGA/Inst_Image_Generator_CircROM/Mram_ADDRESS[10]_GND_158_o_wide_mux_0_OUT
    Location                   Delay type         Delay(ns)  Physical Resource
                                                             Logical Resource(s)
    -------------------------------------------------------  -------------------
    SLICE_X81Y87.BQ            Tcko                  0.141   Inst_XGA/Inst_Image_Generator/ROMCounter/count<7>
                                                             Inst_XGA/Inst_Image_Generator/ROMCounter/count_5
    RAMB36_X3Y17.ADDRARDADDRU9 net (fanout=5)        0.190   Inst_XGA/Inst_Image_Generator/ROMCounter/count<5>
    RAMB36_X3Y17.CLKARDCLKU    Trckc_ADDRA (-Th)     0.183   Inst_XGA/Inst_Image_Generator_CircROM/Mram_ADDRESS[10]_GND_158_o_wide_mux_0_OUT
                                                             Inst_XGA/Inst_Image_Generator_CircROM/Mram_ADDRESS[10]_GND_158_o_wide_mux_0_OUT
    -------------------------------------------------------  ---------------------------
    Total                                            0.148ns (-0.042ns logic, 0.190ns route)
                                                             (-28.4% logic, 128.4% route)

--------------------------------------------------------------------------------

Paths for end point Inst_XGA/Inst_Image_Generator_CircROM/Mram_ADDRESS[10]_GND_158_o_wide_mux_0_OUT (RAMB36_X3Y17.ADDRARDADDRL11), 1 path
--------------------------------------------------------------------------------
Slack (hold path):      0.090ns (requirement - (clock path skew + uncertainty - data path))
  Source:               Inst_XGA/Inst_Image_Generator/ROMCounter/count_7 (FF)
  Destination:          Inst_XGA/Inst_Image_Generator_CircROM/Mram_ADDRESS[10]_GND_158_o_wide_mux_0_OUT (RAM)
  Requirement:          0.000ns
  Data Path Delay:      0.149ns (Levels of Logic = 0)
  Clock Path Skew:      0.059ns (0.127 - 0.068)
  Source Clock:         board_clk rising at 10.000ns
  Destination Clock:    board_clk rising at 10.000ns
  Clock Uncertainty:    0.000ns

  Minimum Data Path at Fast Process Corner: Inst_XGA/Inst_Image_Generator/ROMCounter/count_7 to Inst_XGA/Inst_Image_Generator_CircROM/Mram_ADDRESS[10]_GND_158_o_wide_mux_0_OUT
    Location                    Delay type         Delay(ns)  Physical Resource
                                                              Logical Resource(s)
    --------------------------------------------------------  -------------------
    SLICE_X81Y87.DQ             Tcko                  0.141   Inst_XGA/Inst_Image_Generator/ROMCounter/count<7>
                                                              Inst_XGA/Inst_Image_Generator/ROMCounter/count_7
    RAMB36_X3Y17.ADDRARDADDRL11 net (fanout=5)        0.191   Inst_XGA/Inst_Image_Generator/ROMCounter/count<7>
    RAMB36_X3Y17.CLKARDCLKL     Trckc_ADDRA (-Th)     0.183   Inst_XGA/Inst_Image_Generator_CircROM/Mram_ADDRESS[10]_GND_158_o_wide_mux_0_OUT
                                                              Inst_XGA/Inst_Image_Generator_CircROM/Mram_ADDRESS[10]_GND_158_o_wide_mux_0_OUT
    --------------------------------------------------------  ---------------------------
    Total                                             0.149ns (-0.042ns logic, 0.191ns route)
                                                              (-28.2% logic, 128.2% route)

--------------------------------------------------------------------------------

Component Switching Limit Checks: TS_your_instance_name_clkout0 = PERIOD TIMEGRP "your_instance_name_clkout0"
        TS_sys_clk_pin HIGH 50%;
--------------------------------------------------------------------------------
Slack: 7.424ns (period - min period limit)
  Period: 10.000ns
  Min period limit: 2.576ns (388.199MHz) (Trper_CLKA)
  Physical resource: Inst_SXGA/Inst_Image_Generator_CircROM/Mram_ADDRESS[10]_GND_158_o_wide_mux_0_OUT/CLKARDCLKL
  Logical resource: Inst_SXGA/Inst_Image_Generator_CircROM/Mram_ADDRESS[10]_GND_158_o_wide_mux_0_OUT/CLKARDCLKL
  Location pin: RAMB36_X2Y17.CLKARDCLKL
  Clock network: board_clk
--------------------------------------------------------------------------------
Slack: 7.424ns (period - min period limit)
  Period: 10.000ns
  Min period limit: 2.576ns (388.199MHz) (Trper_CLKA)
  Physical resource: Inst_SXGA/Inst_Image_Generator_CircROM/Mram_ADDRESS[10]_GND_158_o_wide_mux_0_OUT/CLKARDCLKU
  Logical resource: Inst_SXGA/Inst_Image_Generator_CircROM/Mram_ADDRESS[10]_GND_158_o_wide_mux_0_OUT/CLKARDCLKU
  Location pin: RAMB36_X2Y17.CLKARDCLKU
  Clock network: board_clk
--------------------------------------------------------------------------------
Slack: 7.424ns (period - min period limit)
  Period: 10.000ns
  Min period limit: 2.576ns (388.199MHz) (Trper_CLKA)
  Physical resource: Inst_SVGA/Inst_Image_Generator_CircROM/Mram_ADDRESS[10]_GND_158_o_wide_mux_0_OUT/CLKARDCLKL
  Logical resource: Inst_SVGA/Inst_Image_Generator_CircROM/Mram_ADDRESS[10]_GND_158_o_wide_mux_0_OUT/CLKARDCLKL
  Location pin: RAMB36_X3Y18.CLKARDCLKL
  Clock network: board_clk
--------------------------------------------------------------------------------


Derived Constraint Report
Derived Constraints for TS_sys_clk_pin
+-------------------------------+-------------+-------------+-------------+-------------+-------------+-------------+-------------+
|                               |   Period    |       Actual Period       |      Timing Errors        |      Paths Analyzed       |
|           Constraint          | Requirement |-------------+-------------|-------------+-------------|-------------+-------------|
|                               |             |   Direct    | Derivative  |   Direct    | Derivative  |   Direct    | Derivative  |
+-------------------------------+-------------+-------------+-------------+-------------+-------------+-------------+-------------+
|TS_sys_clk_pin                 |     10.000ns|      4.000ns|      7.897ns|            0|            0|            0|        37601|
| TS_your_instance_name_clkout1 |     40.000ns|      2.155ns|          N/A|            0|            0|            0|            0|
| TS_your_instance_name_clkout3 |     15.000ns|      2.155ns|          N/A|            0|            0|            0|            0|
| TS_your_instance_name_clkout4 |      9.167ns|      2.155ns|          N/A|            0|            0|            0|            0|
| TS_your_instance_name_clkout2 |     25.000ns|      2.155ns|          N/A|            0|            0|            0|            0|
| TS_your_instance_name_clkout0 |     10.000ns|      7.897ns|          N/A|            0|            0|        37601|            0|
+-------------------------------+-------------+-------------+-------------+-------------+-------------+-------------+-------------+

All constraints were met.


Data Sheet report:
-----------------
All values displayed in nanoseconds (ns)

Clock to Setup on destination clock Clk
---------------+---------+---------+---------+---------+
               | Src:Rise| Src:Fall| Src:Rise| Src:Fall|
Source Clock   |Dest:Rise|Dest:Rise|Dest:Fall|Dest:Fall|
---------------+---------+---------+---------+---------+
Clk            |    7.897|         |         |         |
---------------+---------+---------+---------+---------+


Timing summary:
---------------

Timing errors: 0  Score: 0  (Setup/Max: 0, Hold: 0)

Constraints cover 37601 paths, 0 nets, and 2298 connections

Design statistics:
   Minimum period:   7.897ns{1}   (Maximum frequency: 126.630MHz)


------------------------------------Footnotes-----------------------------------
1)  The minimum period statistic assumes all single cycle delays.

Analysis completed Tue Dec 08 16:47:13 2015 
--------------------------------------------------------------------------------

Trace Settings:
-------------------------
Trace Settings 

Peak Memory Usage: 691 MB



