Command line:
   Shift_Register_isim_beh.exe
     -simmode  gui
     -simrunnum  0
     -socket  53923

Sun Sep 27 21:52:11 2015


 Elaboration Time: 0.015625 sec

 Current Memory Usage: 841.675 Meg

 Total Signals          : 69
 Total Nets             : 35
 Total Signal Drivers   : 17
 Total Blocks           : 19
 Total Primitive Blocks : 18
 Total Processes        : 17
 Total Traceable Variables  : 8
 Total Scalar Nets and Variables : 395
Total Line Count : 33

 Total Simulation Time: 0.15625 sec

 Current Memory Usage: 684.38 Meg

Sun Sep 27 22:06:05 2015

