Release 14.7 - xst P.20131013 (nt64)
Copyright (c) 1995-2013 Xilinx, Inc.  All rights reserved.
--> Parameter TMPDIR set to xst/projnav.tmp


Total REAL time to Xst completion: 1.00 secs
Total CPU time to Xst completion: 0.09 secs
 
--> Parameter xsthdpdir set to xst


Total REAL time to Xst completion: 1.00 secs
Total CPU time to Xst completion: 0.10 secs
 
--> Reading design: Lab08_kjb5568_rjl5336.prj

TABLE OF CONTENTS
  1) Synthesis Options Summary
  2) HDL Parsing
  3) HDL Elaboration
  4) HDL Synthesis
       4.1) HDL Synthesis Report
  5) Advanced HDL Synthesis
       5.1) Advanced HDL Synthesis Report
  6) Low Level Synthesis
  7) Partition Report
  8) Design Summary
       8.1) Primitive and Black Box Usage
       8.2) Device utilization summary
       8.3) Partition Resource Summary
       8.4) Timing Report
            8.4.1) Clock Information
            8.4.2) Asynchronous Control Signals Information
            8.4.3) Timing Summary
            8.4.4) Timing Details
            8.4.5) Cross Clock Domains Report


=========================================================================
*                      Synthesis Options Summary                        *
=========================================================================
---- Source Parameters
Input File Name                    : "Lab08_kjb5568_rjl5336.prj"
Ignore Synthesis Constraint File   : NO

---- Target Parameters
Output File Name                   : "Lab08_kjb5568_rjl5336"
Output Format                      : NGC
Target Device                      : xc7a100t-1-csg324

---- Source Options
Top Module Name                    : Lab08_kjb5568_rjl5336
Automatic FSM Extraction           : YES
FSM Encoding Algorithm             : Auto
Safe Implementation                : No
FSM Style                          : LUT
RAM Extraction                     : Yes
RAM Style                          : Auto
ROM Extraction                     : Yes
Shift Register Extraction          : YES
ROM Style                          : Auto
Resource Sharing                   : YES
Asynchronous To Synchronous        : NO
Shift Register Minimum Size        : 2
Use DSP Block                      : Auto
Automatic Register Balancing       : No

---- Target Options
LUT Combining                      : Auto
Reduce Control Sets                : Auto
Add IO Buffers                     : YES
Global Maximum Fanout              : 100000
Add Generic Clock Buffer(BUFG)     : 32
Register Duplication               : YES
Optimize Instantiated Primitives   : NO
Use Clock Enable                   : Auto
Use Synchronous Set                : Auto
Use Synchronous Reset              : Auto
Pack IO Registers into IOBs        : Auto
Equivalent register Removal        : YES

---- General Options
Optimization Goal                  : Speed
Optimization Effort                : 1
Power Reduction                    : NO
Keep Hierarchy                     : No
Netlist Hierarchy                  : As_Optimized
RTL Output                         : Yes
Global Optimization                : AllClockNets
Read Cores                         : YES
Write Timing Constraints           : NO
Cross Clock Analysis               : NO
Hierarchy Separator                : /
Bus Delimiter                      : <>
Case Specifier                     : Maintain
Slice Utilization Ratio            : 100
BRAM Utilization Ratio             : 100
DSP48 Utilization Ratio            : 100
Auto BRAM Packing                  : NO
Slice Utilization Ratio Delta      : 5

=========================================================================


=========================================================================
*                          HDL Parsing                                  *
=========================================================================
Parsing VHDL file "C:\Users\Kevin\Desktop\Lab08\kjb5568_rjl5336_library\kjb5568_rjl5336_components.vhd" into library kjb5568_rjl5336_library
Parsing package <kjb5568_rjl5336_Components>.
Parsing package body <kjb5568_rjl5336_Components>.
Parsing VHDL file "C:\Users\Kevin\Desktop\Lab08\kjb5568_rjl5336_library\FullAdder.vhd" into library kjb5568_rjl5336_library
Parsing entity <FullAdder>.
Parsing architecture <Dataflow> of entity <fulladder>.
Parsing VHDL file "C:\Users\Kevin\Desktop\Lab08\kjb5568_rjl5336_library\DFF_enable.vhd" into library kjb5568_rjl5336_library
Parsing entity <DFF_CE>.
Parsing architecture <Behavioral> of entity <dff_ce>.
Parsing VHDL file "C:\Users\Kevin\Desktop\Lab08\kjb5568_rjl5336_library\rippe_carry_adder.vhd" into library kjb5568_rjl5336_library
Parsing entity <Ripple_Carry_Adder>.
Parsing architecture <Structural> of entity <ripple_carry_adder>.
Parsing VHDL file "C:\Users\Kevin\Desktop\Lab08\kjb5568_rjl5336_library\pulse_gen.vhd" into library kjb5568_rjl5336_library
Parsing entity <pulse_gen>.
Parsing architecture <Behavioral> of entity <pulse_gen>.
Parsing VHDL file "C:\Users\Kevin\Desktop\Lab08\kjb5568_rjl5336_library\LST.vhd" into library kjb5568_rjl5336_library
Parsing entity <LST>.
Parsing architecture <structural> of entity <lst>.
Parsing VHDL file "C:\Users\Kevin\Desktop\Lab08\kjb5568_rjl5336_library\Debouncer.vhd" into library kjb5568_rjl5336_library
Parsing entity <Debouncer>.
Parsing architecture <Behavioral> of entity <debouncer>.
Parsing VHDL file "C:\Users\Kevin\Desktop\Lab08\kjb5568_rjl5336_library\Counter_nbit.vhd" into library kjb5568_rjl5336_library
Parsing entity <Counter_nbit>.
Parsing architecture <Behavioral> of entity <counter_nbit>.
Parsing VHDL file "C:\Users\Kevin\Desktop\Lab08\kjb5568_rjl5336_library\counterupdown_nbit.vhd" into library kjb5568_rjl5336_library
Parsing entity <CounterUpDown_nbit>.
Parsing architecture <Behavioral> of entity <counterupdown_nbit>.
Parsing VHDL file "C:\Users\Kevin\Desktop\Lab08\kjb5568_rjl5336_library\CompareGRT.vhd" into library kjb5568_rjl5336_library
Parsing entity <CompareGRT>.
Parsing architecture <structural> of entity <comparegrt>.
Parsing VHDL file "C:\Users\Kevin\Desktop\Lab08\kjb5568_rjl5336_library\CompareEQU.vhd" into library kjb5568_rjl5336_library
Parsing entity <CompareEQU>.
Parsing architecture <structural> of entity <compareequ>.
Parsing VHDL file "C:\Users\Kevin\Desktop\Lab08\lab08_kjb5568_rjl5336\VGA_Control.vhd" into library work
Parsing entity <VGA_Control>.
Parsing architecture <Behavioral> of entity <vga_control>.
Parsing VHDL file "C:\Users\Kevin\Desktop\Lab08\lab08_kjb5568_rjl5336\Image_Generator.vhd" into library work
Parsing entity <Image_Generator>.
Parsing architecture <Behavioral> of entity <image_generator>.
Parsing VHDL file "C:\Users\Kevin\Desktop\Lab08\lab08_kjb5568_rjl5336\Lab08_kjb5568_rjl5336.vhd" into library work
Parsing entity <Lab08_kjb5568_rjl5336>.
Parsing architecture <Structural> of entity <lab08_kjb5568_rjl5336>.

=========================================================================
*                            HDL Elaboration                            *
=========================================================================

Elaborating entity <Lab08_kjb5568_rjl5336> (architecture <Structural>) from library <work>.

Elaborating entity <VGA_Control> (architecture <Behavioral>) from library <work>.

Elaborating entity <pulse_gen> (architecture <Behavioral>) with generics from library <kjb5568_rjl5336_library>.

Elaborating entity <Counter_nbit> (architecture <Behavioral>) with generics from library <kjb5568_rjl5336_library>.

Elaborating entity <CompareEQU> (architecture <structural>) with generics from library <kjb5568_rjl5336_library>.

Elaborating entity <LST> (architecture <structural>) with generics from library <kjb5568_rjl5336_library>.

Elaborating entity <CompareGRT> (architecture <structural>) with generics from library <kjb5568_rjl5336_library>.

Elaborating entity <DFF_CE> (architecture <Behavioral>) from library <kjb5568_rjl5336_library>.

Elaborating entity <Image_Generator> (architecture <Behavioral>) from library <work>.

Elaborating entity <pulse_gen> (architecture <Behavioral>) with generics from library <kjb5568_rjl5336_library>.

Elaborating entity <Debouncer> (architecture <Behavioral>) from library <kjb5568_rjl5336_library>.

Elaborating entity <Ripple_Carry_Adder> (architecture <Structural>) with generics from library <kjb5568_rjl5336_library>.

Elaborating entity <FullAdder> (architecture <Dataflow>) from library <kjb5568_rjl5336_library>.

Elaborating entity <CounterUpDown_nbit> (architecture <Behavioral>) with generics from library <kjb5568_rjl5336_library>.
WARNING:HDLCompiler:92 - "C:\Users\Kevin\Desktop\Lab08\kjb5568_rjl5336_library\counterupdown_nbit.vhd" Line 46: count should be on the sensitivity list of the process
WARNING:Xst:2972 - "C:\Users\Kevin\Desktop\Lab08\lab08_kjb5568_rjl5336\Image_Generator.vhd" line 69. All outputs of instance <DB1> of block <Debouncer> are unconnected in block <Image_Generator>. Underlying logic will be removed.
WARNING:Xst:2972 - "C:\Users\Kevin\Desktop\Lab08\lab08_kjb5568_rjl5336\Image_Generator.vhd" line 83. All outputs of instance <DB3> of block <Debouncer> are unconnected in block <Image_Generator>. Underlying logic will be removed.
WARNING:Xst:2972 - "C:\Users\Kevin\Desktop\Lab08\lab08_kjb5568_rjl5336\Image_Generator.vhd" line 90. All outputs of instance <DB4> of block <Debouncer> are unconnected in block <Image_Generator>. Underlying logic will be removed.

=========================================================================
*                           HDL Synthesis                               *
=========================================================================

Synthesizing Unit <Lab08_kjb5568_rjl5336>.
    Related source file is "C:\Users\Kevin\Desktop\Lab08\lab08_kjb5568_rjl5336\Lab08_kjb5568_rjl5336.vhd".
    Summary:
	no macro.
Unit <Lab08_kjb5568_rjl5336> synthesized.

Synthesizing Unit <VGA_Control>.
    Related source file is "C:\Users\Kevin\Desktop\Lab08\lab08_kjb5568_rjl5336\VGA_Control.vhd".
    Summary:
	inferred   1 Multiplexer(s).
Unit <VGA_Control> synthesized.

Synthesizing Unit <pulse_gen_1>.
    Related source file is "C:\Users\Kevin\Desktop\Lab08\kjb5568_rjl5336_library\pulse_gen.vhd".
        n = 2
        maxCount = 3
    Found 2-bit register for signal <count>.
    Found 2-bit adder for signal <count[1]_count[1]_mux_1_OUT> created at line 1241.
    Summary:
	inferred   1 Adder/Subtractor(s).
	inferred   2 D-type flip-flop(s).
Unit <pulse_gen_1> synthesized.

Synthesizing Unit <Counter_nbit>.
    Related source file is "C:\Users\Kevin\Desktop\Lab08\kjb5568_rjl5336_library\Counter_nbit.vhd".
        n = 10
    Found 10-bit register for signal <count>.
    Found 10-bit adder for signal <count[9]_GND_9_o_add_0_OUT> created at line 1241.
    Summary:
	inferred   1 Adder/Subtractor(s).
	inferred  10 D-type flip-flop(s).
Unit <Counter_nbit> synthesized.

Synthesizing Unit <CompareEQU>.
    Related source file is "C:\Users\Kevin\Desktop\Lab08\kjb5568_rjl5336_library\CompareEQU.vhd".
        n = 10
    Found 10-bit comparator equal for signal <EQU> created at line 27
    Summary:
	inferred   1 Comparator(s).
Unit <CompareEQU> synthesized.

Synthesizing Unit <LST>.
    Related source file is "C:\Users\Kevin\Desktop\Lab08\kjb5568_rjl5336_library\LST.vhd".
        n = 10
    Found 10-bit comparator greater for signal <OUTPUT> created at line 27
    Summary:
	inferred   1 Comparator(s).
Unit <LST> synthesized.

Synthesizing Unit <CompareGRT>.
    Related source file is "C:\Users\Kevin\Desktop\Lab08\kjb5568_rjl5336_library\CompareGRT.vhd".
        n = 10
    Found 10-bit comparator greater for signal <OUTPUT> created at line 36
    Summary:
	inferred   1 Comparator(s).
Unit <CompareGRT> synthesized.

Synthesizing Unit <DFF_CE>.
    Related source file is "C:\Users\Kevin\Desktop\Lab08\kjb5568_rjl5336_library\DFF_enable.vhd".
    Found 1-bit register for signal <Q>.
    Summary:
	inferred   1 D-type flip-flop(s).
Unit <DFF_CE> synthesized.

Synthesizing Unit <Image_Generator>.
    Related source file is "C:\Users\Kevin\Desktop\Lab08\lab08_kjb5568_rjl5336\Image_Generator.vhd".
INFO:Xst:3210 - "C:\Users\Kevin\Desktop\Lab08\lab08_kjb5568_rjl5336\Image_Generator.vhd" line 69: Output port <Q> of the instance <DB1> is unconnected or connected to loadless signal.
INFO:Xst:3210 - "C:\Users\Kevin\Desktop\Lab08\lab08_kjb5568_rjl5336\Image_Generator.vhd" line 83: Output port <Q> of the instance <DB3> is unconnected or connected to loadless signal.
INFO:Xst:3210 - "C:\Users\Kevin\Desktop\Lab08\lab08_kjb5568_rjl5336\Image_Generator.vhd" line 90: Output port <Q> of the instance <DB4> is unconnected or connected to loadless signal.
INFO:Xst:3210 - "C:\Users\Kevin\Desktop\Lab08\lab08_kjb5568_rjl5336\Image_Generator.vhd" line 133: Output port <C_out> of the instance <RightAdder> is unconnected or connected to loadless signal.
INFO:Xst:3210 - "C:\Users\Kevin\Desktop\Lab08\lab08_kjb5568_rjl5336\Image_Generator.vhd" line 141: Output port <C_out> of the instance <LeftAdder> is unconnected or connected to loadless signal.
    Summary:
	inferred   2 Multiplexer(s).
Unit <Image_Generator> synthesized.

Synthesizing Unit <pulse_gen_2>.
    Related source file is "C:\Users\Kevin\Desktop\Lab08\kjb5568_rjl5336_library\pulse_gen.vhd".
        n = 20
        maxCount = 1000000
    Found 20-bit register for signal <count>.
    Found 20-bit adder for signal <count[19]_count[19]_mux_1_OUT> created at line 1241.
    Summary:
	inferred   1 Adder/Subtractor(s).
	inferred  20 D-type flip-flop(s).
Unit <pulse_gen_2> synthesized.

Synthesizing Unit <Debouncer>.
    Related source file is "C:\Users\Kevin\Desktop\Lab08\kjb5568_rjl5336_library\Debouncer.vhd".
    Summary:
	no macro.
Unit <Debouncer> synthesized.

Synthesizing Unit <Ripple_Carry_Adder>.
    Related source file is "C:\Users\Kevin\Desktop\Lab08\kjb5568_rjl5336_library\rippe_carry_adder.vhd".
        n = 10
    Summary:
	no macro.
Unit <Ripple_Carry_Adder> synthesized.

Synthesizing Unit <FullAdder>.
    Related source file is "C:\Users\Kevin\Desktop\Lab08\kjb5568_rjl5336_library\FullAdder.vhd".
    Summary:
Unit <FullAdder> synthesized.

Synthesizing Unit <CounterUpDown_nbit>.
    Related source file is "C:\Users\Kevin\Desktop\Lab08\kjb5568_rjl5336_library\counterupdown_nbit.vhd".
        n = 10
    Found 10-bit register for signal <count>.
    Found 10-bit adder for signal <count[9]_GND_116_o_add_0_OUT> created at line 1241.
    Found 10-bit subtractor for signal <GND_116_o_GND_116_o_sub_2_OUT<9:0>> created at line 1308.
    Summary:
	inferred   1 Adder/Subtractor(s).
	inferred  10 D-type flip-flop(s).
Unit <CounterUpDown_nbit> synthesized.

=========================================================================
HDL Synthesis Report

Macro Statistics
# Adders/Subtractors                                   : 5
 10-bit adder                                          : 2
 10-bit addsub                                         : 1
 2-bit adder                                           : 1
 20-bit adder                                          : 1
# Registers                                            : 14
 1-bit register                                        : 9
 10-bit register                                       : 3
 2-bit register                                        : 1
 20-bit register                                       : 1
# Comparators                                          : 16
 10-bit comparator equal                               : 2
 10-bit comparator greater                             : 14
# Multiplexers                                         : 3
 12-bit 2-to-1 multiplexer                             : 3
# Xors                                                 : 40
 1-bit xor2                                            : 40

=========================================================================

=========================================================================
*                       Advanced HDL Synthesis                          *
=========================================================================


Synthesizing (advanced) Unit <CounterUpDown_nbit>.
The following registers are absorbed into counter <count>: 1 register on signal <count>.
Unit <CounterUpDown_nbit> synthesized (advanced).

Synthesizing (advanced) Unit <Counter_nbit>.
The following registers are absorbed into counter <count>: 1 register on signal <count>.
Unit <Counter_nbit> synthesized (advanced).

Synthesizing (advanced) Unit <pulse_gen_1>.
The following registers are absorbed into counter <count>: 1 register on signal <count>.
Unit <pulse_gen_1> synthesized (advanced).

Synthesizing (advanced) Unit <pulse_gen_2>.
The following registers are absorbed into counter <count>: 1 register on signal <count>.
Unit <pulse_gen_2> synthesized (advanced).

=========================================================================
Advanced HDL Synthesis Report

Macro Statistics
# Counters                                             : 5
 10-bit up counter                                     : 2
 10-bit updown counter                                 : 1
 2-bit up counter                                      : 1
 20-bit up counter                                     : 1
# Registers                                            : 9
 Flip-Flops                                            : 9
# Comparators                                          : 16
 10-bit comparator equal                               : 2
 10-bit comparator greater                             : 14
# Multiplexers                                         : 3
 12-bit 2-to-1 multiplexer                             : 3
# Xors                                                 : 40
 1-bit xor2                                            : 40

=========================================================================

=========================================================================
*                         Low Level Synthesis                           *
=========================================================================

Optimizing unit <Lab08_kjb5568_rjl5336> ...

Optimizing unit <Image_Generator> ...

Optimizing unit <Ripple_Carry_Adder> ...

Optimizing unit <VGA_Control> ...

Mapping all equations...
Building and optimizing final netlist ...
Found area constraint ratio of 100 (+ 5) on block Lab08_kjb5568_rjl5336, actual ratio is 0.

Final Macro Processing ...

=========================================================================
Final Register Report

Macro Statistics
# Registers                                            : 61
 Flip-Flops                                            : 61

=========================================================================

=========================================================================
*                           Partition Report                            *
=========================================================================

Partition Implementation Status
-------------------------------

  No Partitions were found in this design.

-------------------------------

=========================================================================
*                            Design Summary                             *
=========================================================================

Top Level Output File Name         : Lab08_kjb5568_rjl5336.ngc

Primitive and Black Box Usage:
------------------------------
# BELS                             : 259
#      GND                         : 1
#      INV                         : 5
#      LUT1                        : 37
#      LUT2                        : 17
#      LUT3                        : 12
#      LUT4                        : 47
#      LUT5                        : 10
#      LUT6                        : 24
#      MUXCY                       : 54
#      MUXF7                       : 1
#      VCC                         : 1
#      XORCY                       : 50
# FlipFlops/Latches                : 61
#      FD                          : 23
#      FDE                         : 19
#      FDR                         : 11
#      FDRE                        : 8
# Clock Buffers                    : 1
#      BUFGP                       : 1
# IO Buffers                       : 28
#      IBUF                        : 14
#      OBUF                        : 14

Device utilization summary:
---------------------------

Selected Device : 7a100tcsg324-1 


Slice Logic Utilization: 
 Number of Slice Registers:              61  out of  126800     0%  
 Number of Slice LUTs:                  152  out of  63400     0%  
    Number used as Logic:               152  out of  63400     0%  

Slice Logic Distribution: 
 Number of LUT Flip Flop pairs used:    157
   Number with an unused Flip Flop:      96  out of    157    61%  
   Number with an unused LUT:             5  out of    157     3%  
   Number of fully used LUT-FF pairs:    56  out of    157    35%  
   Number of unique control sets:         7

IO Utilization: 
 Number of IOs:                          32
 Number of bonded IOBs:                  29  out of    210    13%  

Specific Feature Utilization:
 Number of BUFG/BUFGCTRLs:                1  out of     32     3%  

---------------------------
Partition Resource Summary:
---------------------------

  No Partitions were found in this design.

---------------------------


=========================================================================
Timing Report

NOTE: THESE TIMING NUMBERS ARE ONLY A SYNTHESIS ESTIMATE.
      FOR ACCURATE TIMING INFORMATION PLEASE REFER TO THE TRACE REPORT
      GENERATED AFTER PLACE-and-ROUTE.

Clock Information:
------------------
-----------------------------------+------------------------+-------+
Clock Signal                       | Clock buffer(FF name)  | Load  |
-----------------------------------+------------------------+-------+
Clk                                | BUFGP                  | 61    |
-----------------------------------+------------------------+-------+

Asynchronous Control Signals Information:
----------------------------------------
No asynchronous control signals found in this design

Timing Summary:
---------------
Speed Grade: -1

   Minimum period: 3.417ns (Maximum Frequency: 292.617MHz)
   Minimum input arrival time before clock: 0.430ns
   Maximum output required time after clock: 6.269ns
   Maximum combinational path delay: 1.240ns

Timing Details:
---------------
All values displayed in nanoseconds (ns)

=========================================================================
Timing constraint: Default period analysis for Clock 'Clk'
  Clock period: 3.417ns (frequency: 292.617MHz)
  Total number of paths / destination ports: 1846 / 105
-------------------------------------------------------------------------
Delay:               3.417ns (Levels of Logic = 2)
  Source:            Inst_Image_Generator/Pulse_d/count_16 (FF)
  Destination:       Inst_Image_Generator/Pulse_d/count_19 (FF)
  Source Clock:      Clk rising
  Destination Clock: Clk rising

  Data Path: Inst_Image_Generator/Pulse_d/count_16 to Inst_Image_Generator/Pulse_d/count_19
                                Gate     Net
    Cell:in->out      fanout   Delay   Delay  Logical Name (Net Name)
    ----------------------------------------  ------------
     FDR:C->Q              2   0.478   0.925  Inst_Image_Generator/Pulse_d/count_16 (Inst_Image_Generator/Pulse_d/count_16)
     LUT5:I0->O            2   0.124   0.722  Inst_Image_Generator/Pulse_d/clear<19>2 (Inst_Image_Generator/Pulse_d/clear<19>1)
     LUT6:I3->O           27   0.124   0.550  Inst_Image_Generator/Pulse_d/clear<19>4 (Inst_Image_Generator/pulse_debounce)
     FDR:R                     0.494          Inst_Image_Generator/Pulse_d/count_11
    ----------------------------------------
    Total                      3.417ns (1.220ns logic, 2.197ns route)
                                       (35.7% logic, 64.3% route)

=========================================================================
Timing constraint: Default OFFSET IN BEFORE for Clock 'Clk'
  Total number of paths / destination ports: 2 / 2
-------------------------------------------------------------------------
Offset:              0.430ns (Levels of Logic = 1)
  Source:            BUTTON<2> (PAD)
  Destination:       Inst_Image_Generator/DB2/Flip1/Q (FF)
  Destination Clock: Clk rising

  Data Path: BUTTON<2> to Inst_Image_Generator/DB2/Flip1/Q
                                Gate     Net
    Cell:in->out      fanout   Delay   Delay  Logical Name (Net Name)
    ----------------------------------------  ------------
     IBUF:I->O             1   0.001   0.399  BUTTON_2_IBUF (BUTTON_2_IBUF)
     FDE:D                     0.030          Inst_Image_Generator/DB2/Flip1/Q
    ----------------------------------------
    Total                      0.430ns (0.031ns logic, 0.399ns route)
                                       (7.2% logic, 92.8% route)

=========================================================================
Timing constraint: Default OFFSET OUT AFTER for Clock 'Clk'
  Total number of paths / destination ports: 3638 / 14
-------------------------------------------------------------------------
Offset:              6.269ns (Levels of Logic = 9)
  Source:            Inst_Image_Generator/horizontalCounter/count_4 (FF)
  Destination:       RGB_out<11> (PAD)
  Source Clock:      Clk rising

  Data Path: Inst_Image_Generator/horizontalCounter/count_4 to RGB_out<11>
                                Gate     Net
    Cell:in->out      fanout   Delay   Delay  Logical Name (Net Name)
    ----------------------------------------  ------------
     FDE:C->Q             12   0.478   0.848  Inst_Image_Generator/horizontalCounter/count_4 (Inst_Image_Generator/horizontalCounter/count_4)
     LUT4:I0->O            2   0.124   0.542  Inst_Image_Generator/LeftAdder/genADDERS[5].FA0/C_out1 (Inst_Image_Generator/LeftAdder/carry<6>)
     LUT6:I4->O            2   0.124   0.542  Inst_Image_Generator/RightAdder/genADDERS[7].FA0/Mxor_Sum_xo<0>1 (Inst_Image_Generator/box_border_r<7>)
     LUT4:I2->O            1   0.124   0.000  Inst_Image_Generator/borderright/Mcompar_OUTPUT_lut<3> (Inst_Image_Generator/borderright/Mcompar_OUTPUT_lut<3>)
     MUXCY:S->O            2   0.777   0.542  Inst_Image_Generator/borderright/Mcompar_OUTPUT_cy<3> (Inst_Image_Generator/borderright/Mcompar_OUTPUT_cy<3>)
     LUT6:I4->O            1   0.124   0.000  Inst_Image_Generator/borderright/Mcompar_OUTPUT_cy<4>_G (N13)
     MUXF7:I1->O           1   0.368   0.421  Inst_Image_Generator/borderright/Mcompar_OUTPUT_cy<4> (Inst_Image_Generator/borderright/Mcompar_OUTPUT_cy<4>)
     LUT4:I3->O           12   0.124   0.608  Inst_Image_Generator/box_l_box_d_AND_11_o4 (Inst_Image_Generator/box_l_box_d_AND_11_o)
     LUT4:I2->O            1   0.124   0.399  Inst_VGA_Control/Mmux_RGB_out13 (RGB_out_0_OBUF)
     OBUF:I->O                 0.000          RGB_out_0_OBUF (RGB_out<0>)
    ----------------------------------------
    Total                      6.269ns (2.367ns logic, 3.902ns route)
                                       (37.8% logic, 62.2% route)

=========================================================================
Timing constraint: Default path analysis
  Total number of paths / destination ports: 12 / 12
-------------------------------------------------------------------------
Delay:               1.240ns (Levels of Logic = 3)
  Source:            Switch<11> (PAD)
  Destination:       RGB_out<11> (PAD)

  Data Path: Switch<11> to RGB_out<11>
                                Gate     Net
    Cell:in->out      fanout   Delay   Delay  Logical Name (Net Name)
    ----------------------------------------  ------------
     IBUF:I->O             1   0.001   0.716  Switch_11_IBUF (Switch_11_IBUF)
     LUT4:I1->O            1   0.124   0.399  Inst_VGA_Control/Mmux_RGB_out31 (RGB_out_11_OBUF)
     OBUF:I->O                 0.000          RGB_out_11_OBUF (RGB_out<11>)
    ----------------------------------------
    Total                      1.240ns (0.125ns logic, 1.115ns route)
                                       (10.1% logic, 89.9% route)

=========================================================================

Cross Clock Domains Report:
--------------------------

Clock to Setup on destination clock Clk
---------------+---------+---------+---------+---------+
               | Src:Rise| Src:Fall| Src:Rise| Src:Fall|
Source Clock   |Dest:Rise|Dest:Rise|Dest:Fall|Dest:Fall|
---------------+---------+---------+---------+---------+
Clk            |    3.417|         |         |         |
---------------+---------+---------+---------+---------+

=========================================================================


Total REAL time to Xst completion: 11.00 secs
Total CPU time to Xst completion: 10.11 secs
 
--> 

Total memory usage is 405420 kilobytes

Number of errors   :    0 (   0 filtered)
Number of warnings :    4 (   0 filtered)
Number of infos    :    5 (   0 filtered)

