--------------------------------------------------------------------------------
Release 14.7 Trace  (nt64)
Copyright (c) 1995-2013 Xilinx, Inc.  All rights reserved.

G:\Xilinx\14.7\ISE_DS\ISE\bin\nt64\unwrapped\trce.exe -intstyle ise -v 3 -s 1
-n 3 -fastpaths -xml kjb5568_rjl5336_lab06.twx kjb5568_rjl5336_lab06.ncd -o
kjb5568_rjl5336_lab06.twr kjb5568_rjl5336_lab06.pcf -ucf Nexys4_Master.ucf

Design file:              kjb5568_rjl5336_lab06.ncd
Physical constraint file: kjb5568_rjl5336_lab06.pcf
Device,package,speed:     xc7a100t,csg324,C,-1 (PRODUCTION 1.10 2013-10-13)
Report level:             verbose report

Environment Variable      Effect 
--------------------      ------ 
NONE                      No environment variables were set
--------------------------------------------------------------------------------

INFO:Timing:3412 - To improve timing, see the Timing Closure User Guide (UG612).
INFO:Timing:2752 - To get complete path coverage, use the unconstrained paths 
   option. All paths that are not constrained will be reported in the 
   unconstrained paths section(s) of the report.
INFO:Timing:3339 - The clock-to-out numbers in this timing report are based on 
   a 50 Ohm transmission line loading model.  For the details of this model, 
   and for more information on accounting for different loading conditions, 
   please see the device datasheet.

================================================================================
Timing constraint: TS_sys_clk_pin = PERIOD TIMEGRP "sys_clk_pin" 100 MHz HIGH 
50%;
For more information, see Period Analysis in the Timing Closure User Guide (UG612).

 1714 paths analyzed, 382 endpoints analyzed, 0 failing endpoints
 0 timing errors detected. (0 setup errors, 0 hold errors, 0 component switching limit errors)
 Minimum period is   4.185ns.
--------------------------------------------------------------------------------

Paths for end point display/cnt/count_0 (SLICE_X86Y92.CE), 17 paths
--------------------------------------------------------------------------------
Slack (setup path):     5.815ns (requirement - (data path - clock path skew + uncertainty))
  Source:               pulse500/cnt/Q_16 (FF)
  Destination:          display/cnt/count_0 (FF)
  Requirement:          10.000ns
  Data Path Delay:      4.215ns (Levels of Logic = 2)
  Clock Path Skew:      0.065ns (0.887 - 0.822)
  Source Clock:         clk_BUFGP rising at 0.000ns
  Destination Clock:    clk_BUFGP rising at 10.000ns
  Clock Uncertainty:    0.035ns

  Clock Uncertainty:          0.035ns  ((TSJ^2 + TIJ^2)^1/2 + DJ) / 2 + PE
    Total System Jitter (TSJ):  0.070ns
    Total Input Jitter (TIJ):   0.000ns
    Discrete Jitter (DJ):       0.000ns
    Phase Error (PE):           0.000ns

  Maximum Data Path at Slow Process Corner: pulse500/cnt/Q_16 to display/cnt/count_0
    Location             Delay type         Delay(ns)  Physical Resource
                                                       Logical Resource(s)
    -------------------------------------------------  -------------------
    SLICE_X55Y95.DMUX    Tshcko                0.594   pulse500/cnt/count<15>
                                                       pulse500/cnt/Q_16
    SLICE_X56Y93.B2      net (fanout=1)        0.960   pulse500/cnt/Q<16>
    SLICE_X56Y93.B       Tilo                  0.124   pulse500/clear<16>
                                                       pulse500/clear<16>1
    SLICE_X56Y93.A4      net (fanout=1)        0.452   pulse500/clear<16>
    SLICE_X56Y93.A       Tilo                  0.124   pulse500/clear<16>
                                                       pulse500/clear<16>4
    SLICE_X86Y92.CE      net (fanout=8)        1.756   strobe
    SLICE_X86Y92.CLK     Tceck                 0.205   display/cnt/Q<2>
                                                       display/cnt/count_0
    -------------------------------------------------  ---------------------------
    Total                                      4.215ns (1.047ns logic, 3.168ns route)
                                                       (24.8% logic, 75.2% route)

--------------------------------------------------------------------------------
Slack (setup path):     5.818ns (requirement - (data path - clock path skew + uncertainty))
  Source:               pulse500/cnt/Q_10 (FF)
  Destination:          display/cnt/count_0 (FF)
  Requirement:          10.000ns
  Data Path Delay:      4.212ns (Levels of Logic = 2)
  Clock Path Skew:      0.065ns (0.887 - 0.822)
  Source Clock:         clk_BUFGP rising at 0.000ns
  Destination Clock:    clk_BUFGP rising at 10.000ns
  Clock Uncertainty:    0.035ns

  Clock Uncertainty:          0.035ns  ((TSJ^2 + TIJ^2)^1/2 + DJ) / 2 + PE
    Total System Jitter (TSJ):  0.070ns
    Total Input Jitter (TIJ):   0.000ns
    Discrete Jitter (DJ):       0.000ns
    Phase Error (PE):           0.000ns

  Maximum Data Path at Slow Process Corner: pulse500/cnt/Q_10 to display/cnt/count_0
    Location             Delay type         Delay(ns)  Physical Resource
                                                       Logical Resource(s)
    -------------------------------------------------  -------------------
    SLICE_X55Y93.CMUX    Tshcko                0.592   pulse500/cnt/count<7>
                                                       pulse500/cnt/Q_10
    SLICE_X56Y93.B1      net (fanout=1)        0.959   pulse500/cnt/Q<10>
    SLICE_X56Y93.B       Tilo                  0.124   pulse500/clear<16>
                                                       pulse500/clear<16>1
    SLICE_X56Y93.A4      net (fanout=1)        0.452   pulse500/clear<16>
    SLICE_X56Y93.A       Tilo                  0.124   pulse500/clear<16>
                                                       pulse500/clear<16>4
    SLICE_X86Y92.CE      net (fanout=8)        1.756   strobe
    SLICE_X86Y92.CLK     Tceck                 0.205   display/cnt/Q<2>
                                                       display/cnt/count_0
    -------------------------------------------------  ---------------------------
    Total                                      4.212ns (1.045ns logic, 3.167ns route)
                                                       (24.8% logic, 75.2% route)

--------------------------------------------------------------------------------
Slack (setup path):     6.038ns (requirement - (data path - clock path skew + uncertainty))
  Source:               pulse500/cnt/Q_6 (FF)
  Destination:          display/cnt/count_0 (FF)
  Requirement:          10.000ns
  Data Path Delay:      3.992ns (Levels of Logic = 2)
  Clock Path Skew:      0.065ns (0.887 - 0.822)
  Source Clock:         clk_BUFGP rising at 0.000ns
  Destination Clock:    clk_BUFGP rising at 10.000ns
  Clock Uncertainty:    0.035ns

  Clock Uncertainty:          0.035ns  ((TSJ^2 + TIJ^2)^1/2 + DJ) / 2 + PE
    Total System Jitter (TSJ):  0.070ns
    Total Input Jitter (TIJ):   0.000ns
    Discrete Jitter (DJ):       0.000ns
    Phase Error (PE):           0.000ns

  Maximum Data Path at Slow Process Corner: pulse500/cnt/Q_6 to display/cnt/count_0
    Location             Delay type         Delay(ns)  Physical Resource
                                                       Logical Resource(s)
    -------------------------------------------------  -------------------
    SLICE_X54Y93.CQ      Tcko                  0.518   pulse500/cnt/Q<7>
                                                       pulse500/cnt/Q_6
    SLICE_X54Y92.A1      net (fanout=1)        0.830   pulse500/cnt/Q<6>
    SLICE_X54Y92.A       Tilo                  0.124   pulse500/cnt/Q<3>
                                                       pulse500/clear<16>2
    SLICE_X56Y93.A5      net (fanout=1)        0.435   pulse500/clear<16>1
    SLICE_X56Y93.A       Tilo                  0.124   pulse500/clear<16>
                                                       pulse500/clear<16>4
    SLICE_X86Y92.CE      net (fanout=8)        1.756   strobe
    SLICE_X86Y92.CLK     Tceck                 0.205   display/cnt/Q<2>
                                                       display/cnt/count_0
    -------------------------------------------------  ---------------------------
    Total                                      3.992ns (0.971ns logic, 3.021ns route)
                                                       (24.3% logic, 75.7% route)

--------------------------------------------------------------------------------

Paths for end point display/cnt/count_1 (SLICE_X86Y92.CE), 17 paths
--------------------------------------------------------------------------------
Slack (setup path):     5.815ns (requirement - (data path - clock path skew + uncertainty))
  Source:               pulse500/cnt/Q_16 (FF)
  Destination:          display/cnt/count_1 (FF)
  Requirement:          10.000ns
  Data Path Delay:      4.215ns (Levels of Logic = 2)
  Clock Path Skew:      0.065ns (0.887 - 0.822)
  Source Clock:         clk_BUFGP rising at 0.000ns
  Destination Clock:    clk_BUFGP rising at 10.000ns
  Clock Uncertainty:    0.035ns

  Clock Uncertainty:          0.035ns  ((TSJ^2 + TIJ^2)^1/2 + DJ) / 2 + PE
    Total System Jitter (TSJ):  0.070ns
    Total Input Jitter (TIJ):   0.000ns
    Discrete Jitter (DJ):       0.000ns
    Phase Error (PE):           0.000ns

  Maximum Data Path at Slow Process Corner: pulse500/cnt/Q_16 to display/cnt/count_1
    Location             Delay type         Delay(ns)  Physical Resource
                                                       Logical Resource(s)
    -------------------------------------------------  -------------------
    SLICE_X55Y95.DMUX    Tshcko                0.594   pulse500/cnt/count<15>
                                                       pulse500/cnt/Q_16
    SLICE_X56Y93.B2      net (fanout=1)        0.960   pulse500/cnt/Q<16>
    SLICE_X56Y93.B       Tilo                  0.124   pulse500/clear<16>
                                                       pulse500/clear<16>1
    SLICE_X56Y93.A4      net (fanout=1)        0.452   pulse500/clear<16>
    SLICE_X56Y93.A       Tilo                  0.124   pulse500/clear<16>
                                                       pulse500/clear<16>4
    SLICE_X86Y92.CE      net (fanout=8)        1.756   strobe
    SLICE_X86Y92.CLK     Tceck                 0.205   display/cnt/Q<2>
                                                       display/cnt/count_1
    -------------------------------------------------  ---------------------------
    Total                                      4.215ns (1.047ns logic, 3.168ns route)
                                                       (24.8% logic, 75.2% route)

--------------------------------------------------------------------------------
Slack (setup path):     5.818ns (requirement - (data path - clock path skew + uncertainty))
  Source:               pulse500/cnt/Q_10 (FF)
  Destination:          display/cnt/count_1 (FF)
  Requirement:          10.000ns
  Data Path Delay:      4.212ns (Levels of Logic = 2)
  Clock Path Skew:      0.065ns (0.887 - 0.822)
  Source Clock:         clk_BUFGP rising at 0.000ns
  Destination Clock:    clk_BUFGP rising at 10.000ns
  Clock Uncertainty:    0.035ns

  Clock Uncertainty:          0.035ns  ((TSJ^2 + TIJ^2)^1/2 + DJ) / 2 + PE
    Total System Jitter (TSJ):  0.070ns
    Total Input Jitter (TIJ):   0.000ns
    Discrete Jitter (DJ):       0.000ns
    Phase Error (PE):           0.000ns

  Maximum Data Path at Slow Process Corner: pulse500/cnt/Q_10 to display/cnt/count_1
    Location             Delay type         Delay(ns)  Physical Resource
                                                       Logical Resource(s)
    -------------------------------------------------  -------------------
    SLICE_X55Y93.CMUX    Tshcko                0.592   pulse500/cnt/count<7>
                                                       pulse500/cnt/Q_10
    SLICE_X56Y93.B1      net (fanout=1)        0.959   pulse500/cnt/Q<10>
    SLICE_X56Y93.B       Tilo                  0.124   pulse500/clear<16>
                                                       pulse500/clear<16>1
    SLICE_X56Y93.A4      net (fanout=1)        0.452   pulse500/clear<16>
    SLICE_X56Y93.A       Tilo                  0.124   pulse500/clear<16>
                                                       pulse500/clear<16>4
    SLICE_X86Y92.CE      net (fanout=8)        1.756   strobe
    SLICE_X86Y92.CLK     Tceck                 0.205   display/cnt/Q<2>
                                                       display/cnt/count_1
    -------------------------------------------------  ---------------------------
    Total                                      4.212ns (1.045ns logic, 3.167ns route)
                                                       (24.8% logic, 75.2% route)

--------------------------------------------------------------------------------
Slack (setup path):     6.038ns (requirement - (data path - clock path skew + uncertainty))
  Source:               pulse500/cnt/Q_6 (FF)
  Destination:          display/cnt/count_1 (FF)
  Requirement:          10.000ns
  Data Path Delay:      3.992ns (Levels of Logic = 2)
  Clock Path Skew:      0.065ns (0.887 - 0.822)
  Source Clock:         clk_BUFGP rising at 0.000ns
  Destination Clock:    clk_BUFGP rising at 10.000ns
  Clock Uncertainty:    0.035ns

  Clock Uncertainty:          0.035ns  ((TSJ^2 + TIJ^2)^1/2 + DJ) / 2 + PE
    Total System Jitter (TSJ):  0.070ns
    Total Input Jitter (TIJ):   0.000ns
    Discrete Jitter (DJ):       0.000ns
    Phase Error (PE):           0.000ns

  Maximum Data Path at Slow Process Corner: pulse500/cnt/Q_6 to display/cnt/count_1
    Location             Delay type         Delay(ns)  Physical Resource
                                                       Logical Resource(s)
    -------------------------------------------------  -------------------
    SLICE_X54Y93.CQ      Tcko                  0.518   pulse500/cnt/Q<7>
                                                       pulse500/cnt/Q_6
    SLICE_X54Y92.A1      net (fanout=1)        0.830   pulse500/cnt/Q<6>
    SLICE_X54Y92.A       Tilo                  0.124   pulse500/cnt/Q<3>
                                                       pulse500/clear<16>2
    SLICE_X56Y93.A5      net (fanout=1)        0.435   pulse500/clear<16>1
    SLICE_X56Y93.A       Tilo                  0.124   pulse500/clear<16>
                                                       pulse500/clear<16>4
    SLICE_X86Y92.CE      net (fanout=8)        1.756   strobe
    SLICE_X86Y92.CLK     Tceck                 0.205   display/cnt/Q<2>
                                                       display/cnt/count_1
    -------------------------------------------------  ---------------------------
    Total                                      3.992ns (0.971ns logic, 3.021ns route)
                                                       (24.3% logic, 75.7% route)

--------------------------------------------------------------------------------

Paths for end point display/cnt/Q_0 (SLICE_X86Y92.CE), 17 paths
--------------------------------------------------------------------------------
Slack (setup path):     5.815ns (requirement - (data path - clock path skew + uncertainty))
  Source:               pulse500/cnt/Q_16 (FF)
  Destination:          display/cnt/Q_0 (FF)
  Requirement:          10.000ns
  Data Path Delay:      4.215ns (Levels of Logic = 2)
  Clock Path Skew:      0.065ns (0.887 - 0.822)
  Source Clock:         clk_BUFGP rising at 0.000ns
  Destination Clock:    clk_BUFGP rising at 10.000ns
  Clock Uncertainty:    0.035ns

  Clock Uncertainty:          0.035ns  ((TSJ^2 + TIJ^2)^1/2 + DJ) / 2 + PE
    Total System Jitter (TSJ):  0.070ns
    Total Input Jitter (TIJ):   0.000ns
    Discrete Jitter (DJ):       0.000ns
    Phase Error (PE):           0.000ns

  Maximum Data Path at Slow Process Corner: pulse500/cnt/Q_16 to display/cnt/Q_0
    Location             Delay type         Delay(ns)  Physical Resource
                                                       Logical Resource(s)
    -------------------------------------------------  -------------------
    SLICE_X55Y95.DMUX    Tshcko                0.594   pulse500/cnt/count<15>
                                                       pulse500/cnt/Q_16
    SLICE_X56Y93.B2      net (fanout=1)        0.960   pulse500/cnt/Q<16>
    SLICE_X56Y93.B       Tilo                  0.124   pulse500/clear<16>
                                                       pulse500/clear<16>1
    SLICE_X56Y93.A4      net (fanout=1)        0.452   pulse500/clear<16>
    SLICE_X56Y93.A       Tilo                  0.124   pulse500/clear<16>
                                                       pulse500/clear<16>4
    SLICE_X86Y92.CE      net (fanout=8)        1.756   strobe
    SLICE_X86Y92.CLK     Tceck                 0.205   display/cnt/Q<2>
                                                       display/cnt/Q_0
    -------------------------------------------------  ---------------------------
    Total                                      4.215ns (1.047ns logic, 3.168ns route)
                                                       (24.8% logic, 75.2% route)

--------------------------------------------------------------------------------
Slack (setup path):     5.818ns (requirement - (data path - clock path skew + uncertainty))
  Source:               pulse500/cnt/Q_10 (FF)
  Destination:          display/cnt/Q_0 (FF)
  Requirement:          10.000ns
  Data Path Delay:      4.212ns (Levels of Logic = 2)
  Clock Path Skew:      0.065ns (0.887 - 0.822)
  Source Clock:         clk_BUFGP rising at 0.000ns
  Destination Clock:    clk_BUFGP rising at 10.000ns
  Clock Uncertainty:    0.035ns

  Clock Uncertainty:          0.035ns  ((TSJ^2 + TIJ^2)^1/2 + DJ) / 2 + PE
    Total System Jitter (TSJ):  0.070ns
    Total Input Jitter (TIJ):   0.000ns
    Discrete Jitter (DJ):       0.000ns
    Phase Error (PE):           0.000ns

  Maximum Data Path at Slow Process Corner: pulse500/cnt/Q_10 to display/cnt/Q_0
    Location             Delay type         Delay(ns)  Physical Resource
                                                       Logical Resource(s)
    -------------------------------------------------  -------------------
    SLICE_X55Y93.CMUX    Tshcko                0.592   pulse500/cnt/count<7>
                                                       pulse500/cnt/Q_10
    SLICE_X56Y93.B1      net (fanout=1)        0.959   pulse500/cnt/Q<10>
    SLICE_X56Y93.B       Tilo                  0.124   pulse500/clear<16>
                                                       pulse500/clear<16>1
    SLICE_X56Y93.A4      net (fanout=1)        0.452   pulse500/clear<16>
    SLICE_X56Y93.A       Tilo                  0.124   pulse500/clear<16>
                                                       pulse500/clear<16>4
    SLICE_X86Y92.CE      net (fanout=8)        1.756   strobe
    SLICE_X86Y92.CLK     Tceck                 0.205   display/cnt/Q<2>
                                                       display/cnt/Q_0
    -------------------------------------------------  ---------------------------
    Total                                      4.212ns (1.045ns logic, 3.167ns route)
                                                       (24.8% logic, 75.2% route)

--------------------------------------------------------------------------------
Slack (setup path):     6.038ns (requirement - (data path - clock path skew + uncertainty))
  Source:               pulse500/cnt/Q_6 (FF)
  Destination:          display/cnt/Q_0 (FF)
  Requirement:          10.000ns
  Data Path Delay:      3.992ns (Levels of Logic = 2)
  Clock Path Skew:      0.065ns (0.887 - 0.822)
  Source Clock:         clk_BUFGP rising at 0.000ns
  Destination Clock:    clk_BUFGP rising at 10.000ns
  Clock Uncertainty:    0.035ns

  Clock Uncertainty:          0.035ns  ((TSJ^2 + TIJ^2)^1/2 + DJ) / 2 + PE
    Total System Jitter (TSJ):  0.070ns
    Total Input Jitter (TIJ):   0.000ns
    Discrete Jitter (DJ):       0.000ns
    Phase Error (PE):           0.000ns

  Maximum Data Path at Slow Process Corner: pulse500/cnt/Q_6 to display/cnt/Q_0
    Location             Delay type         Delay(ns)  Physical Resource
                                                       Logical Resource(s)
    -------------------------------------------------  -------------------
    SLICE_X54Y93.CQ      Tcko                  0.518   pulse500/cnt/Q<7>
                                                       pulse500/cnt/Q_6
    SLICE_X54Y92.A1      net (fanout=1)        0.830   pulse500/cnt/Q<6>
    SLICE_X54Y92.A       Tilo                  0.124   pulse500/cnt/Q<3>
                                                       pulse500/clear<16>2
    SLICE_X56Y93.A5      net (fanout=1)        0.435   pulse500/clear<16>1
    SLICE_X56Y93.A       Tilo                  0.124   pulse500/clear<16>
                                                       pulse500/clear<16>4
    SLICE_X86Y92.CE      net (fanout=8)        1.756   strobe
    SLICE_X86Y92.CLK     Tceck                 0.205   display/cnt/Q<2>
                                                       display/cnt/Q_0
    -------------------------------------------------  ---------------------------
    Total                                      3.992ns (0.971ns logic, 3.021ns route)
                                                       (24.3% logic, 75.7% route)

--------------------------------------------------------------------------------

Hold Paths: TS_sys_clk_pin = PERIOD TIMEGRP "sys_clk_pin" 100 MHz HIGH 50%;
--------------------------------------------------------------------------------

Paths for end point KB_Data/shift10right/Flip8/Q (SLICE_X78Y94.DX), 1 path
--------------------------------------------------------------------------------
Slack (hold path):      0.093ns (requirement - (clock path skew + uncertainty - data path))
  Source:               KB_Data/shift10right/Flip7/Q (FF)
  Destination:          KB_Data/shift10right/Flip8/Q (FF)
  Requirement:          0.000ns
  Data Path Delay:      0.370ns (Levels of Logic = 0)
  Clock Path Skew:      0.277ns (0.871 - 0.594)
  Source Clock:         clk_BUFGP rising at 10.000ns
  Destination Clock:    clk_BUFGP rising at 10.000ns
  Clock Uncertainty:    0.000ns

  Minimum Data Path at Fast Process Corner: KB_Data/shift10right/Flip7/Q to KB_Data/shift10right/Flip8/Q
    Location             Delay type         Delay(ns)  Physical Resource
                                                       Logical Resource(s)
    -------------------------------------------------  -------------------
    SLICE_X78Y100.AQ     Tcko                  0.164   KB_Data/shift10right/Flip7/Q
                                                       KB_Data/shift10right/Flip7/Q
    SLICE_X78Y94.DX      net (fanout=1)        0.270   KB_Data/shift10right/Flip7/Q
    SLICE_X78Y94.CLK     Tckdi       (-Th)     0.064   KB_Data/shift10right/Flip8/Q
                                                       KB_Data/shift10right/Flip8/Q
    -------------------------------------------------  ---------------------------
    Total                                      0.370ns (0.100ns logic, 0.270ns route)
                                                       (27.0% logic, 73.0% route)

--------------------------------------------------------------------------------

Paths for end point KB_Data/pulse1000/cnt/Q_6 (SLICE_X52Y94.CX), 1 path
--------------------------------------------------------------------------------
Slack (hold path):      0.135ns (requirement - (clock path skew + uncertainty - data path))
  Source:               KB_Data/pulse1000/cnt/count_6 (FF)
  Destination:          KB_Data/pulse1000/cnt/Q_6 (FF)
  Requirement:          0.000ns
  Data Path Delay:      0.135ns (Levels of Logic = 0)
  Clock Path Skew:      0.000ns
  Source Clock:         clk_BUFGP rising at 10.000ns
  Destination Clock:    clk_BUFGP rising at 10.000ns
  Clock Uncertainty:    0.000ns

  Minimum Data Path at Fast Process Corner: KB_Data/pulse1000/cnt/count_6 to KB_Data/pulse1000/cnt/Q_6
    Location             Delay type         Delay(ns)  Physical Resource
                                                       Logical Resource(s)
    -------------------------------------------------  -------------------
    SLICE_X52Y94.CQ      Tcko                  0.141   KB_Data/pulse1000/cnt/count<7>
                                                       KB_Data/pulse1000/cnt/count_6
    SLICE_X52Y94.CX      net (fanout=2)        0.070   KB_Data/pulse1000/cnt/count<6>
    SLICE_X52Y94.CLK     Tckdi       (-Th)     0.076   KB_Data/pulse1000/cnt/count<7>
                                                       KB_Data/pulse1000/cnt/Q_6
    -------------------------------------------------  ---------------------------
    Total                                      0.135ns (0.065ns logic, 0.070ns route)
                                                       (48.1% logic, 51.9% route)

--------------------------------------------------------------------------------

Paths for end point KB_Data/pulse1000/cnt/Q_10 (SLICE_X52Y95.CX), 1 path
--------------------------------------------------------------------------------
Slack (hold path):      0.135ns (requirement - (clock path skew + uncertainty - data path))
  Source:               KB_Data/pulse1000/cnt/count_10 (FF)
  Destination:          KB_Data/pulse1000/cnt/Q_10 (FF)
  Requirement:          0.000ns
  Data Path Delay:      0.135ns (Levels of Logic = 0)
  Clock Path Skew:      0.000ns
  Source Clock:         clk_BUFGP rising at 10.000ns
  Destination Clock:    clk_BUFGP rising at 10.000ns
  Clock Uncertainty:    0.000ns

  Minimum Data Path at Fast Process Corner: KB_Data/pulse1000/cnt/count_10 to KB_Data/pulse1000/cnt/Q_10
    Location             Delay type         Delay(ns)  Physical Resource
                                                       Logical Resource(s)
    -------------------------------------------------  -------------------
    SLICE_X52Y95.CQ      Tcko                  0.141   KB_Data/pulse1000/cnt/count<11>
                                                       KB_Data/pulse1000/cnt/count_10
    SLICE_X52Y95.CX      net (fanout=2)        0.070   KB_Data/pulse1000/cnt/count<10>
    SLICE_X52Y95.CLK     Tckdi       (-Th)     0.076   KB_Data/pulse1000/cnt/count<11>
                                                       KB_Data/pulse1000/cnt/Q_10
    -------------------------------------------------  ---------------------------
    Total                                      0.135ns (0.065ns logic, 0.070ns route)
                                                       (48.1% logic, 51.9% route)

--------------------------------------------------------------------------------

Component Switching Limit Checks: TS_sys_clk_pin = PERIOD TIMEGRP "sys_clk_pin" 100 MHz HIGH 50%;
--------------------------------------------------------------------------------
Slack: 7.845ns (period - min period limit)
  Period: 10.000ns
  Min period limit: 2.155ns (464.037MHz) (Tbcper_I(Fmax))
  Physical resource: clk_BUFGP/BUFG/I0
  Logical resource: clk_BUFGP/BUFG/I0
  Location pin: BUFGCTRL_X0Y31.I0
  Clock network: clk_BUFGP/IBUFG
--------------------------------------------------------------------------------
Slack: 9.000ns (period - (min low pulse limit / (low pulse / period)))
  Period: 10.000ns
  Low pulse: 5.000ns
  Low pulse limit: 0.500ns (Tcl)
  Physical resource: KB_Data/pulse1000/cnt/count<3>/CLK
  Logical resource: KB_Data/pulse1000/cnt/count_0/CK
  Location pin: SLICE_X52Y93.CLK
  Clock network: clk_BUFGP
--------------------------------------------------------------------------------
Slack: 9.000ns (period - (min high pulse limit / (high pulse / period)))
  Period: 10.000ns
  High pulse: 5.000ns
  High pulse limit: 0.500ns (Tch)
  Physical resource: KB_Data/pulse1000/cnt/count<3>/CLK
  Logical resource: KB_Data/pulse1000/cnt/count_0/CK
  Location pin: SLICE_X52Y93.CLK
  Clock network: clk_BUFGP
--------------------------------------------------------------------------------


All constraints were met.


Data Sheet report:
-----------------
All values displayed in nanoseconds (ns)

Clock to Setup on destination clock clk
---------------+---------+---------+---------+---------+
               | Src:Rise| Src:Fall| Src:Rise| Src:Fall|
Source Clock   |Dest:Rise|Dest:Rise|Dest:Fall|Dest:Fall|
---------------+---------+---------+---------+---------+
clk            |    4.185|         |         |         |
---------------+---------+---------+---------+---------+


Timing summary:
---------------

Timing errors: 0  Score: 0  (Setup/Max: 0, Hold: 0)

Constraints cover 1714 paths, 0 nets, and 269 connections

Design statistics:
   Minimum period:   4.185ns{1}   (Maximum frequency: 238.949MHz)


------------------------------------Footnotes-----------------------------------
1)  The minimum period statistic assumes all single cycle delays.

Analysis completed Tue Oct 13 02:06:55 2015 
--------------------------------------------------------------------------------

Trace Settings:
-------------------------
Trace Settings 

Peak Memory Usage: 674 MB



