Command line:
   CounterUpDown_nbit_isim_beh.exe
     -simmode  gui
     -simrunnum  0
     -socket  58529

Wed Sep 23 16:02:11 2015


 Elaboration Time: 0.03125 sec

 Current Memory Usage: 841.777 Meg

 Total Signals          : 7
 Total Nets             : 14
 Total Signal Drivers   : 2
 Total Blocks           : 3
 Total Primitive Blocks : 3
 Total Processes        : 1
 Total Traceable Variables  : 14
 Total Scalar Nets and Variables : 498
Total Line Count : 6

 Total Simulation Time: 4.23438 sec

 Current Memory Usage: 684.483 Meg

Wed Sep 23 16:04:38 2015

